[2026-04-08T00:05:02-07:00] task=feat-ai-fake-api-hardening state=OPEN failed_checks=0 pending_checks=0 pr=https://github.com/sunyanliang2026/openclaw-ws/pull/1
[2026-04-08T00:05:05-07:00] task=req-20260406-051745-smoke-from-feishu-no no PR yet for branch=feat/req-20260406-051745-smoke-from-feishu-no
[2026-04-08T00:05:06-07:00] task=req-20260406-052850-smoke-from-feishu-no no PR yet for branch=feat/req-20260406-052850-smoke-from-feishu-no
[2026-04-08T00:05:06-07:00] task=req-20260406-053304-sandbox-stability-sm no PR yet for branch=feat/req-20260406-053304-sandbox-stability-sm
[2026-04-08T00:05:07-07:00] task=req-20260406-055833-title-test-now-0558 no PR yet for branch=feat/req-20260406-055833-title-test-now-0558
[2026-04-08T00:05:07-07:00] pr-check completed
[2026-04-08T00:15:02-07:00] task=feat-ai-fake-api-hardening state=OPEN failed_checks=0 pending_checks=0 pr=https://github.com/sunyanliang2026/openclaw-ws/pull/1
[2026-04-08T00:15:06-07:00] task=req-20260406-051745-smoke-from-feishu-no no PR yet for branch=feat/req-20260406-051745-smoke-from-feishu-no
[2026-04-08T00:15:06-07:00] task=req-20260406-052850-smoke-from-feishu-no no PR yet for branch=feat/req-20260406-052850-smoke-from-feishu-no
[2026-04-08T00:15:07-07:00] task=req-20260406-053304-sandbox-stability-sm no PR yet for branch=feat/req-20260406-053304-sandbox-stability-sm
[2026-04-08T00:15:07-07:00] task=req-20260406-055833-title-test-now-0558 no PR yet for branch=feat/req-20260406-055833-title-test-now-0558
[2026-04-08T00:15:07-07:00] pr-check completed
[2026-04-08T00:25:04-07:00] task=feat-ai-fake-api-hardening state=OPEN failed_checks=0 pending_checks=0 pr=https://github.com/sunyanliang2026/openclaw-ws/pull/1
[2026-04-08T00:25:10-07:00] task=req-20260406-051745-smoke-from-feishu-no no PR yet for branch=feat/req-20260406-051745-smoke-from-feishu-no
[2026-04-08T00:25:10-07:00] task=req-20260406-052850-smoke-from-feishu-no no PR yet for branch=feat/req-20260406-052850-smoke-from-feishu-no
[2026-04-08T00:25:10-07:00] task=req-20260406-053304-sandbox-stability-sm no PR yet for branch=feat/req-20260406-053304-sandbox-stability-sm
[2026-04-08T00:25:11-07:00] task=req-20260406-055833-title-test-now-0558 no PR yet for branch=feat/req-20260406-055833-title-test-now-0558
[2026-04-08T00:25:11-07:00] pr-check completed
[2026-04-08T00:35:01-07:00] task=feat-ai-fake-api-hardening state=OPEN failed_checks=0 pending_checks=0 pr=https://github.com/sunyanliang2026/openclaw-ws/pull/1
[2026-04-08T00:35:05-07:00] task=req-20260406-051745-smoke-from-feishu-no no PR yet for branch=feat/req-20260406-051745-smoke-from-feishu-no
[2026-04-08T00:35:06-07:00] task=req-20260406-052850-smoke-from-feishu-no no PR yet for branch=feat/req-20260406-052850-smoke-from-feishu-no
[2026-04-08T00:35:06-07:00] task=req-20260406-053304-sandbox-stability-sm no PR yet for branch=feat/req-20260406-053304-sandbox-stability-sm
[2026-04-08T00:35:06-07:00] task=req-20260406-055833-title-test-now-0558 no PR yet for branch=feat/req-20260406-055833-title-test-now-0558
[2026-04-08T00:35:06-07:00] pr-check completed
[2026-04-08T00:45:01-07:00] task=feat-ai-fake-api-hardening state=OPEN failed_checks=0 pending_checks=0 pr=https://github.com/sunyanliang2026/openclaw-ws/pull/1
[2026-04-08T00:45:05-07:00] task=req-20260406-051745-smoke-from-feishu-no no PR yet for branch=feat/req-20260406-051745-smoke-from-feishu-no
[2026-04-08T00:45:06-07:00] task=req-20260406-052850-smoke-from-feishu-no no PR yet for branch=feat/req-20260406-052850-smoke-from-feishu-no
[2026-04-08T00:45:06-07:00] task=req-20260406-053304-sandbox-stability-sm no PR yet for branch=feat/req-20260406-053304-sandbox-stability-sm
[2026-04-08T00:45:07-07:00] task=req-20260406-055833-title-test-now-0558 no PR yet for branch=feat/req-20260406-055833-title-test-now-0558
[2026-04-08T00:45:07-07:00] task=req-20260408-003901-title-test-now-0558 no PR yet for branch=feat/req-20260408-003901-title-test-now-0558
[2026-04-08T00:45:07-07:00] pr-check completed
[2026-04-08T00:55:02-07:00] task=feat-ai-fake-api-hardening state=OPEN failed_checks=0 pending_checks=0 pr=https://github.com/sunyanliang2026/openclaw-ws/pull/1
[2026-04-08T00:55:06-07:00] task=req-20260406-051745-smoke-from-feishu-no no PR yet for branch=feat/req-20260406-051745-smoke-from-feishu-no
[2026-04-08T00:55:06-07:00] task=req-20260406-052850-smoke-from-feishu-no no PR yet for branch=feat/req-20260406-052850-smoke-from-feishu-no
[2026-04-08T00:55:07-07:00] task=req-20260406-053304-sandbox-stability-sm no PR yet for branch=feat/req-20260406-053304-sandbox-stability-sm
[2026-04-08T00:55:07-07:00] task=req-20260406-055833-title-test-now-0558 no PR yet for branch=feat/req-20260406-055833-title-test-now-0558
[2026-04-08T00:55:08-07:00] task=req-20260408-003901-title-test-now-0558 no PR yet for branch=feat/req-20260408-003901-title-test-now-0558
[2026-04-08T00:55:08-07:00] pr-check completed
[2026-04-08T01:05:02-07:00] task=feat-ai-fake-api-hardening state=OPEN failed_checks=0 pending_checks=0 pr=https://github.com/sunyanliang2026/openclaw-ws/pull/1
[2026-04-08T01:05:06-07:00] task=req-20260406-051745-smoke-from-feishu-no no PR yet for branch=feat/req-20260406-051745-smoke-from-feishu-no
[2026-04-08T01:05:06-07:00] task=req-20260406-052850-smoke-from-feishu-no no PR yet for branch=feat/req-20260406-052850-smoke-from-feishu-no
[2026-04-08T01:05:07-07:00] task=req-20260406-053304-sandbox-stability-sm no PR yet for branch=feat/req-20260406-053304-sandbox-stability-sm
[2026-04-08T01:05:07-07:00] task=req-20260406-055833-title-test-now-0558 no PR yet for branch=feat/req-20260406-055833-title-test-now-0558
[2026-04-08T01:05:08-07:00] task=req-20260408-003901-title-test-now-0558 no PR yet for branch=feat/req-20260408-003901-title-test-now-0558
[2026-04-08T01:05:08-07:00] pr-check completed
[2026-04-08T01:15:02-07:00] task=feat-ai-fake-api-hardening state=OPEN failed_checks=0 pending_checks=0 pr=https://github.com/sunyanliang2026/openclaw-ws/pull/1
[2026-04-08T01:15:06-07:00] task=req-20260406-051745-smoke-from-feishu-no no PR yet for branch=feat/req-20260406-051745-smoke-from-feishu-no
[2026-04-08T01:15:06-07:00] task=req-20260406-052850-smoke-from-feishu-no no PR yet for branch=feat/req-20260406-052850-smoke-from-feishu-no
[2026-04-08T01:15:07-07:00] task=req-20260406-053304-sandbox-stability-sm no PR yet for branch=feat/req-20260406-053304-sandbox-stability-sm
[2026-04-08T01:15:07-07:00] task=req-20260406-055833-title-test-now-0558 no PR yet for branch=feat/req-20260406-055833-title-test-now-0558
[2026-04-08T01:15:08-07:00] task=req-20260408-003901-title-test-now-0558 no PR yet for branch=feat/req-20260408-003901-title-test-now-0558
[2026-04-08T01:15:08-07:00] pr-check completed
[2026-04-08T01:25:02-07:00] task=feat-ai-fake-api-hardening state=OPEN failed_checks=0 pending_checks=0 pr=https://github.com/sunyanliang2026/openclaw-ws/pull/1
[2026-04-08T01:25:05-07:00] task=req-20260406-051745-smoke-from-feishu-no no PR yet for branch=feat/req-20260406-051745-smoke-from-feishu-no
[2026-04-08T01:25:06-07:00] task=req-20260406-052850-smoke-from-feishu-no no PR yet for branch=feat/req-20260406-052850-smoke-from-feishu-no
[2026-04-08T01:25:06-07:00] task=req-20260406-053304-sandbox-stability-sm no PR yet for branch=feat/req-20260406-053304-sandbox-stability-sm
[2026-04-08T01:25:07-07:00] task=req-20260406-055833-title-test-now-0558 no PR yet for branch=feat/req-20260406-055833-title-test-now-0558
[2026-04-08T01:25:07-07:00] task=req-20260408-003901-title-test-now-0558 no PR yet for branch=feat/req-20260408-003901-title-test-now-0558
[2026-04-08T01:25:07-07:00] pr-check completed
[2026-04-08T01:35:01-07:00] task=feat-ai-fake-api-hardening state=OPEN failed_checks=0 pending_checks=0 pr=https://github.com/sunyanliang2026/openclaw-ws/pull/1
[2026-04-08T01:35:05-07:00] task=req-20260406-051745-smoke-from-feishu-no no PR yet for branch=feat/req-20260406-051745-smoke-from-feishu-no
[2026-04-08T01:35:06-07:00] task=req-20260406-052850-smoke-from-feishu-no no PR yet for branch=feat/req-20260406-052850-smoke-from-feishu-no
[2026-04-08T01:35:06-07:00] task=req-20260406-053304-sandbox-stability-sm no PR yet for branch=feat/req-20260406-053304-sandbox-stability-sm
[2026-04-08T01:35:07-07:00] task=req-20260406-055833-title-test-now-0558 no PR yet for branch=feat/req-20260406-055833-title-test-now-0558
[2026-04-08T01:35:07-07:00] task=req-20260408-003901-title-test-now-0558 no PR yet for branch=feat/req-20260408-003901-title-test-now-0558
[2026-04-08T01:35:07-07:00] pr-check completed
[2026-04-08T01:45:01-07:00] task=feat-ai-fake-api-hardening state=OPEN failed_checks=0 pending_checks=0 pr=https://github.com/sunyanliang2026/openclaw-ws/pull/1
[2026-04-08T01:45:05-07:00] task=req-20260406-051745-smoke-from-feishu-no no PR yet for branch=feat/req-20260406-051745-smoke-from-feishu-no
[2026-04-08T01:45:06-07:00] task=req-20260406-052850-smoke-from-feishu-no no PR yet for branch=feat/req-20260406-052850-smoke-from-feishu-no
[2026-04-08T01:45:16-07:00] task=req-20260406-053304-sandbox-stability-sm no PR yet for branch=feat/req-20260406-053304-sandbox-stability-sm
[2026-04-08T01:45:16-07:00] task=req-20260406-055833-title-test-now-0558 no PR yet for branch=feat/req-20260406-055833-title-test-now-0558
[2026-04-08T01:45:17-07:00] task=req-20260408-003901-title-test-now-0558 no PR yet for branch=feat/req-20260408-003901-title-test-now-0558
[2026-04-08T01:45:17-07:00] pr-check completed
[2026-04-08T01:55:02-07:00] task=feat-ai-fake-api-hardening state=OPEN failed_checks=0 pending_checks=0 pr=https://github.com/sunyanliang2026/openclaw-ws/pull/1
[2026-04-08T01:55:06-07:00] task=req-20260406-051745-smoke-from-feishu-no no PR yet for branch=feat/req-20260406-051745-smoke-from-feishu-no
[2026-04-08T01:55:06-07:00] task=req-20260406-052850-smoke-from-feishu-no no PR yet for branch=feat/req-20260406-052850-smoke-from-feishu-no
[2026-04-08T01:55:07-07:00] task=req-20260406-053304-sandbox-stability-sm no PR yet for branch=feat/req-20260406-053304-sandbox-stability-sm
[2026-04-08T01:55:07-07:00] task=req-20260406-055833-title-test-now-0558 no PR yet for branch=feat/req-20260406-055833-title-test-now-0558
[2026-04-08T01:55:07-07:00] task=req-20260408-003901-title-test-now-0558 no PR yet for branch=feat/req-20260408-003901-title-test-now-0558
[2026-04-08T01:55:07-07:00] pr-check completed
