[2026-04-08T00:00:01-07:00] checking task=feat-ai-fake-api-hardening status=ready_for_review attempts=0/3
[2026-04-08T00:00:01-07:00] checking task=req-20260406-051745-smoke-from-feishu-no status=ready_for_review attempts=2/3
[2026-04-08T00:00:01-07:00] checking task=req-20260406-052850-smoke-from-feishu-no status=ready_for_review attempts=1/3
[2026-04-08T00:00:01-07:00] checking task=req-20260406-053304-sandbox-stability-sm status=ready_for_review attempts=0/3
[2026-04-08T00:00:01-07:00] checking task=req-20260406-055833-title-test-now-0558 status=ready_for_review attempts=0/3
[2026-04-08T00:00:01-07:00] reconcile completed
[2026-04-08T00:10:01-07:00] checking task=feat-ai-fake-api-hardening status=ready_for_review attempts=0/3
[2026-04-08T00:10:01-07:00] checking task=req-20260406-051745-smoke-from-feishu-no status=ready_for_review attempts=2/3
[2026-04-08T00:10:01-07:00] checking task=req-20260406-052850-smoke-from-feishu-no status=ready_for_review attempts=1/3
[2026-04-08T00:10:01-07:00] checking task=req-20260406-053304-sandbox-stability-sm status=ready_for_review attempts=0/3
[2026-04-08T00:10:01-07:00] checking task=req-20260406-055833-title-test-now-0558 status=ready_for_review attempts=0/3
[2026-04-08T00:10:01-07:00] reconcile completed
[2026-04-08T00:20:01-07:00] checking task=feat-ai-fake-api-hardening status=ready_for_review attempts=0/3
[2026-04-08T00:20:01-07:00] checking task=req-20260406-051745-smoke-from-feishu-no status=ready_for_review attempts=2/3
[2026-04-08T00:20:01-07:00] checking task=req-20260406-052850-smoke-from-feishu-no status=ready_for_review attempts=1/3
[2026-04-08T00:20:01-07:00] checking task=req-20260406-053304-sandbox-stability-sm status=ready_for_review attempts=0/3
[2026-04-08T00:20:01-07:00] checking task=req-20260406-055833-title-test-now-0558 status=ready_for_review attempts=0/3
[2026-04-08T00:20:01-07:00] reconcile completed
[2026-04-08T00:30:01-07:00] checking task=feat-ai-fake-api-hardening status=ready_for_review attempts=0/3
[2026-04-08T00:30:01-07:00] checking task=req-20260406-051745-smoke-from-feishu-no status=ready_for_review attempts=2/3
[2026-04-08T00:30:01-07:00] checking task=req-20260406-052850-smoke-from-feishu-no status=ready_for_review attempts=1/3
[2026-04-08T00:30:01-07:00] checking task=req-20260406-053304-sandbox-stability-sm status=ready_for_review attempts=0/3
[2026-04-08T00:30:02-07:00] checking task=req-20260406-055833-title-test-now-0558 status=ready_for_review attempts=0/3
[2026-04-08T00:30:02-07:00] reconcile completed
[2026-04-08T00:40:02-07:00] checking task=feat-ai-fake-api-hardening status=ready_for_review attempts=0/3
[2026-04-08T00:40:02-07:00] checking task=req-20260406-051745-smoke-from-feishu-no status=ready_for_review attempts=2/3
[2026-04-08T00:40:02-07:00] checking task=req-20260406-052850-smoke-from-feishu-no status=ready_for_review attempts=1/3
[2026-04-08T00:40:02-07:00] checking task=req-20260406-053304-sandbox-stability-sm status=ready_for_review attempts=0/3
[2026-04-08T00:40:02-07:00] checking task=req-20260406-055833-title-test-now-0558 status=ready_for_review attempts=0/3
[2026-04-08T00:40:02-07:00] checking task=req-20260408-003901-title-test-now-0558 status=running attempts=0/3
[2026-04-08T00:40:02-07:00] tmux session missing: agent-req-20260408-003901-title-test-now-0558
[2026-04-08T00:40:02-07:00] task process exited 0; marked ready_for_review: req-20260408-003901-title-test-now-0558
[2026-04-08T00:40:02-07:00] reconcile completed
[2026-04-08T00:50:01-07:00] checking task=feat-ai-fake-api-hardening status=ready_for_review attempts=0/3
[2026-04-08T00:50:01-07:00] checking task=req-20260406-051745-smoke-from-feishu-no status=ready_for_review attempts=2/3
[2026-04-08T00:50:01-07:00] checking task=req-20260406-052850-smoke-from-feishu-no status=ready_for_review attempts=1/3
[2026-04-08T00:50:01-07:00] checking task=req-20260406-053304-sandbox-stability-sm status=ready_for_review attempts=0/3
[2026-04-08T00:50:01-07:00] checking task=req-20260406-055833-title-test-now-0558 status=ready_for_review attempts=0/3
[2026-04-08T00:50:01-07:00] checking task=req-20260408-003901-title-test-now-0558 status=ready_for_review attempts=0/3
[2026-04-08T00:50:01-07:00] reconcile completed
[2026-04-08T01:00:01-07:00] checking task=feat-ai-fake-api-hardening status=ready_for_review attempts=0/3
[2026-04-08T01:00:01-07:00] checking task=req-20260406-051745-smoke-from-feishu-no status=ready_for_review attempts=2/3
[2026-04-08T01:00:01-07:00] checking task=req-20260406-052850-smoke-from-feishu-no status=ready_for_review attempts=1/3
[2026-04-08T01:00:01-07:00] checking task=req-20260406-053304-sandbox-stability-sm status=ready_for_review attempts=0/3
[2026-04-08T01:00:01-07:00] checking task=req-20260406-055833-title-test-now-0558 status=ready_for_review attempts=0/3
[2026-04-08T01:00:01-07:00] checking task=req-20260408-003901-title-test-now-0558 status=ready_for_review attempts=0/3
[2026-04-08T01:00:01-07:00] reconcile completed
[2026-04-08T01:10:01-07:00] checking task=feat-ai-fake-api-hardening status=ready_for_review attempts=0/3
[2026-04-08T01:10:01-07:00] checking task=req-20260406-051745-smoke-from-feishu-no status=ready_for_review attempts=2/3
[2026-04-08T01:10:01-07:00] checking task=req-20260406-052850-smoke-from-feishu-no status=ready_for_review attempts=1/3
[2026-04-08T01:10:01-07:00] checking task=req-20260406-053304-sandbox-stability-sm status=ready_for_review attempts=0/3
[2026-04-08T01:10:01-07:00] checking task=req-20260406-055833-title-test-now-0558 status=ready_for_review attempts=0/3
[2026-04-08T01:10:01-07:00] checking task=req-20260408-003901-title-test-now-0558 status=ready_for_review attempts=0/3
[2026-04-08T01:10:01-07:00] reconcile completed
[2026-04-08T01:20:01-07:00] checking task=feat-ai-fake-api-hardening status=ready_for_review attempts=0/3
[2026-04-08T01:20:01-07:00] checking task=req-20260406-051745-smoke-from-feishu-no status=ready_for_review attempts=2/3
[2026-04-08T01:20:01-07:00] checking task=req-20260406-052850-smoke-from-feishu-no status=ready_for_review attempts=1/3
[2026-04-08T01:20:01-07:00] checking task=req-20260406-053304-sandbox-stability-sm status=ready_for_review attempts=0/3
[2026-04-08T01:20:01-07:00] checking task=req-20260406-055833-title-test-now-0558 status=ready_for_review attempts=0/3
[2026-04-08T01:20:01-07:00] checking task=req-20260408-003901-title-test-now-0558 status=ready_for_review attempts=0/3
[2026-04-08T01:20:01-07:00] reconcile completed
[2026-04-08T01:30:02-07:00] checking task=feat-ai-fake-api-hardening status=ready_for_review attempts=0/3
[2026-04-08T01:30:02-07:00] checking task=req-20260406-051745-smoke-from-feishu-no status=ready_for_review attempts=2/3
[2026-04-08T01:30:02-07:00] checking task=req-20260406-052850-smoke-from-feishu-no status=ready_for_review attempts=1/3
[2026-04-08T01:30:02-07:00] checking task=req-20260406-053304-sandbox-stability-sm status=ready_for_review attempts=0/3
[2026-04-08T01:30:02-07:00] checking task=req-20260406-055833-title-test-now-0558 status=ready_for_review attempts=0/3
[2026-04-08T01:30:02-07:00] checking task=req-20260408-003901-title-test-now-0558 status=ready_for_review attempts=0/3
[2026-04-08T01:30:02-07:00] reconcile completed
[2026-04-08T01:40:01-07:00] checking task=feat-ai-fake-api-hardening status=ready_for_review attempts=0/3
[2026-04-08T01:40:01-07:00] checking task=req-20260406-051745-smoke-from-feishu-no status=ready_for_review attempts=2/3
[2026-04-08T01:40:01-07:00] checking task=req-20260406-052850-smoke-from-feishu-no status=ready_for_review attempts=1/3
[2026-04-08T01:40:01-07:00] checking task=req-20260406-053304-sandbox-stability-sm status=ready_for_review attempts=0/3
[2026-04-08T01:40:01-07:00] checking task=req-20260406-055833-title-test-now-0558 status=ready_for_review attempts=0/3
[2026-04-08T01:40:02-07:00] checking task=req-20260408-003901-title-test-now-0558 status=ready_for_review attempts=0/3
[2026-04-08T01:40:02-07:00] reconcile completed
[2026-04-08T01:50:01-07:00] checking task=feat-ai-fake-api-hardening status=ready_for_review attempts=0/3
[2026-04-08T01:50:01-07:00] checking task=req-20260406-051745-smoke-from-feishu-no status=ready_for_review attempts=2/3
[2026-04-08T01:50:01-07:00] checking task=req-20260406-052850-smoke-from-feishu-no status=ready_for_review attempts=1/3
[2026-04-08T01:50:01-07:00] checking task=req-20260406-053304-sandbox-stability-sm status=ready_for_review attempts=0/3
[2026-04-08T01:50:01-07:00] checking task=req-20260406-055833-title-test-now-0558 status=ready_for_review attempts=0/3
[2026-04-08T01:50:01-07:00] checking task=req-20260408-003901-title-test-now-0558 status=ready_for_review attempts=0/3
[2026-04-08T01:50:01-07:00] reconcile completed
[2026-04-08T02:00:01-07:00] checking task=feat-ai-fake-api-hardening status=ready_for_review attempts=0/3
[2026-04-08T02:00:02-07:00] checking task=req-20260406-051745-smoke-from-feishu-no status=ready_for_review attempts=2/3
[2026-04-08T02:00:02-07:00] checking task=req-20260406-052850-smoke-from-feishu-no status=ready_for_review attempts=1/3
[2026-04-08T02:00:02-07:00] checking task=req-20260406-053304-sandbox-stability-sm status=ready_for_review attempts=0/3
[2026-04-08T02:00:02-07:00] checking task=req-20260406-055833-title-test-now-0558 status=ready_for_review attempts=0/3
[2026-04-08T02:00:02-07:00] checking task=req-20260408-003901-title-test-now-0558 status=ready_for_review attempts=0/3
[2026-04-08T02:00:02-07:00] reconcile completed
