[2026-04-05T19:47:04-07:00] checking task=feat-ai-fake-api-hardening status=pending attempts=0/3
[2026-04-05T19:47:04-07:00] task pending and not launched yet: feat-ai-fake-api-hardening
[2026-04-05T19:47:04-07:00] reconcile completed
[2026-04-05T19:50:01-07:00] checking task=feat-ai-fake-api-hardening status=pending attempts=0/3
[2026-04-05T19:50:01-07:00] task pending and not launched yet: feat-ai-fake-api-hardening
[2026-04-05T19:50:01-07:00] reconcile completed
[2026-04-05T20:00:01-07:00] checking task=feat-ai-fake-api-hardening status=pending attempts=0/3
[2026-04-05T20:00:01-07:00] task pending and not launched yet: feat-ai-fake-api-hardening
[2026-04-05T20:00:01-07:00] reconcile completed
[2026-04-05T20:04:21-07:00] checking task=feat-ai-fake-api-hardening status=running attempts=0/3
[2026-04-05T20:04:21-07:00] tmux session alive: agent-feat-ai-fake-api-hardening
[2026-04-05T20:04:21-07:00] reconcile completed
[2026-04-05T20:04:48-07:00] checking task=feat-ai-fake-api-hardening status=running attempts=0/3
[2026-04-05T20:04:48-07:00] tmux session alive: agent-feat-ai-fake-api-hardening
[2026-04-05T20:04:48-07:00] reconcile completed
[2026-04-05T20:05:29-07:00] checking task=feat-ai-fake-api-hardening status=running attempts=0/3
[2026-04-05T20:05:29-07:00] tmux session alive: agent-feat-ai-fake-api-hardening
[2026-04-05T20:05:29-07:00] reconcile completed
[2026-04-05T20:10:01-07:00] checking task=feat-ai-fake-api-hardening status=running attempts=0/3
[2026-04-05T20:10:01-07:00] tmux session alive: agent-feat-ai-fake-api-hardening
[2026-04-05T20:10:01-07:00] reconcile completed
[2026-04-05T20:20:01-07:00] checking task=feat-ai-fake-api-hardening status=running attempts=0/3
[2026-04-05T20:20:01-07:00] tmux session alive: agent-feat-ai-fake-api-hardening
[2026-04-05T20:20:01-07:00] reconcile completed
[2026-04-05T20:30:01-07:00] checking task=feat-ai-fake-api-hardening status=ready_for_review attempts=0/3
[2026-04-05T20:30:01-07:00] tmux session alive: agent-feat-ai-fake-api-hardening
[2026-04-05T20:30:01-07:00] normalized status to running: feat-ai-fake-api-hardening
[2026-04-05T20:30:01-07:00] reconcile completed
[2026-04-05T20:35:14-07:00] checking task=feat-ai-fake-api-hardening status=ready_for_review attempts=0/3
[2026-04-05T20:35:14-07:00] tmux session alive: agent-feat-ai-fake-api-hardening
[2026-04-05T20:35:14-07:00] reconcile completed
[2026-04-05T20:40:01-07:00] checking task=feat-ai-fake-api-hardening status=ready_for_review attempts=0/3
[2026-04-05T20:40:01-07:00] tmux session alive: agent-feat-ai-fake-api-hardening
[2026-04-05T20:40:01-07:00] reconcile completed
[2026-04-05T20:50:01-07:00] checking task=feat-ai-fake-api-hardening status=ready_for_review attempts=0/3
[2026-04-05T20:50:01-07:00] tmux session alive: agent-feat-ai-fake-api-hardening
[2026-04-05T20:50:01-07:00] reconcile completed
[2026-04-05T21:00:01-07:00] checking task=feat-ai-fake-api-hardening status=ready_for_review attempts=0/3
[2026-04-05T21:00:01-07:00] tmux session alive: agent-feat-ai-fake-api-hardening
[2026-04-05T21:00:01-07:00] reconcile completed
[2026-04-05T21:10:01-07:00] checking task=feat-ai-fake-api-hardening status=ready_for_review attempts=0/3
[2026-04-05T21:10:01-07:00] tmux session alive: agent-feat-ai-fake-api-hardening
[2026-04-05T21:10:01-07:00] reconcile completed
[2026-04-05T21:20:01-07:00] checking task=feat-ai-fake-api-hardening status=ready_for_review attempts=0/3
[2026-04-05T21:20:01-07:00] tmux session alive: agent-feat-ai-fake-api-hardening
[2026-04-05T21:20:01-07:00] reconcile completed
[2026-04-05T21:30:01-07:00] checking task=feat-ai-fake-api-hardening status=ready_for_review attempts=0/3
[2026-04-05T21:30:01-07:00] tmux session alive: agent-feat-ai-fake-api-hardening
[2026-04-05T21:30:01-07:00] reconcile completed
[2026-04-05T21:40:01-07:00] checking task=feat-ai-fake-api-hardening status=ready_for_review attempts=0/3
[2026-04-05T21:40:01-07:00] tmux session alive: agent-feat-ai-fake-api-hardening
[2026-04-05T21:40:01-07:00] reconcile completed
[2026-04-05T21:50:01-07:00] checking task=feat-ai-fake-api-hardening status=ready_for_review attempts=0/3
[2026-04-05T21:50:01-07:00] tmux session alive: agent-feat-ai-fake-api-hardening
[2026-04-05T21:50:01-07:00] reconcile completed
[2026-04-05T22:00:02-07:00] checking task=feat-ai-fake-api-hardening status=ready_for_review attempts=0/3
[2026-04-05T22:00:02-07:00] tmux session alive: agent-feat-ai-fake-api-hardening
[2026-04-05T22:00:02-07:00] reconcile completed
[2026-04-05T22:10:01-07:00] checking task=feat-ai-fake-api-hardening status=ready_for_review attempts=0/3
[2026-04-05T22:10:01-07:00] tmux session alive: agent-feat-ai-fake-api-hardening
[2026-04-05T22:10:01-07:00] reconcile completed
[2026-04-05T22:20:01-07:00] checking task=feat-ai-fake-api-hardening status=ready_for_review attempts=0/3
[2026-04-05T22:20:01-07:00] tmux session alive: agent-feat-ai-fake-api-hardening
[2026-04-05T22:20:01-07:00] reconcile completed
[2026-04-05T22:30:01-07:00] checking task=feat-ai-fake-api-hardening status=ready_for_review attempts=0/3
[2026-04-05T22:30:01-07:00] tmux session alive: agent-feat-ai-fake-api-hardening
[2026-04-05T22:30:01-07:00] reconcile completed
[2026-04-05T22:40:01-07:00] checking task=feat-ai-fake-api-hardening status=ready_for_review attempts=0/3
[2026-04-05T22:40:01-07:00] tmux session alive: agent-feat-ai-fake-api-hardening
[2026-04-05T22:40:01-07:00] reconcile completed
[2026-04-05T22:50:01-07:00] checking task=feat-ai-fake-api-hardening status=ready_for_review attempts=0/3
[2026-04-05T22:50:01-07:00] tmux session alive: agent-feat-ai-fake-api-hardening
[2026-04-05T22:50:01-07:00] reconcile completed
[2026-04-05T23:00:01-07:00] checking task=feat-ai-fake-api-hardening status=ready_for_review attempts=0/3
[2026-04-05T23:00:01-07:00] tmux session alive: agent-feat-ai-fake-api-hardening
[2026-04-05T23:00:01-07:00] reconcile completed
[2026-04-05T23:10:01-07:00] checking task=feat-ai-fake-api-hardening status=ready_for_review attempts=0/3
[2026-04-05T23:10:01-07:00] tmux session alive: agent-feat-ai-fake-api-hardening
[2026-04-05T23:10:01-07:00] reconcile completed
[2026-04-05T23:20:01-07:00] checking task=feat-ai-fake-api-hardening status=ready_for_review attempts=0/3
[2026-04-05T23:20:01-07:00] tmux session alive: agent-feat-ai-fake-api-hardening
[2026-04-05T23:20:01-07:00] reconcile completed
[2026-04-05T23:30:01-07:00] checking task=feat-ai-fake-api-hardening status=ready_for_review attempts=0/3
[2026-04-05T23:30:02-07:00] tmux session alive: agent-feat-ai-fake-api-hardening
[2026-04-05T23:30:02-07:00] reconcile completed
[2026-04-05T23:40:01-07:00] checking task=feat-ai-fake-api-hardening status=ready_for_review attempts=0/3
[2026-04-05T23:40:01-07:00] tmux session alive: agent-feat-ai-fake-api-hardening
[2026-04-05T23:40:01-07:00] reconcile completed
[2026-04-05T23:50:01-07:00] checking task=feat-ai-fake-api-hardening status=ready_for_review attempts=0/3
[2026-04-05T23:50:01-07:00] tmux session alive: agent-feat-ai-fake-api-hardening
[2026-04-05T23:50:01-07:00] reconcile completed
