[2026-04-06T00:00:01-07:00] checking task=feat-ai-fake-api-hardening status=ready_for_review attempts=0/3
[2026-04-06T00:00:01-07:00] tmux session alive: agent-feat-ai-fake-api-hardening
[2026-04-06T00:00:01-07:00] reconcile completed
[2026-04-06T00:10:01-07:00] checking task=feat-ai-fake-api-hardening status=ready_for_review attempts=0/3
[2026-04-06T00:10:01-07:00] tmux session alive: agent-feat-ai-fake-api-hardening
[2026-04-06T00:10:01-07:00] reconcile completed
[2026-04-06T00:20:01-07:00] checking task=feat-ai-fake-api-hardening status=ready_for_review attempts=0/3
[2026-04-06T00:20:01-07:00] tmux session alive: agent-feat-ai-fake-api-hardening
[2026-04-06T00:20:01-07:00] reconcile completed
[2026-04-06T00:30:02-07:00] checking task=feat-ai-fake-api-hardening status=ready_for_review attempts=0/3
[2026-04-06T00:30:02-07:00] tmux session alive: agent-feat-ai-fake-api-hardening
[2026-04-06T00:30:02-07:00] reconcile completed
[2026-04-06T00:40:01-07:00] checking task=feat-ai-fake-api-hardening status=ready_for_review attempts=0/3
[2026-04-06T00:40:01-07:00] tmux session alive: agent-feat-ai-fake-api-hardening
[2026-04-06T00:40:01-07:00] reconcile completed
[2026-04-06T00:50:01-07:00] checking task=feat-ai-fake-api-hardening status=ready_for_review attempts=0/3
[2026-04-06T00:50:01-07:00] tmux session alive: agent-feat-ai-fake-api-hardening
[2026-04-06T00:50:01-07:00] reconcile completed
[2026-04-06T01:00:01-07:00] checking task=feat-ai-fake-api-hardening status=ready_for_review attempts=0/3
[2026-04-06T01:00:01-07:00] tmux session alive: agent-feat-ai-fake-api-hardening
[2026-04-06T01:00:01-07:00] reconcile completed
[2026-04-06T01:10:01-07:00] checking task=feat-ai-fake-api-hardening status=ready_for_review attempts=0/3
[2026-04-06T01:10:01-07:00] tmux session alive: agent-feat-ai-fake-api-hardening
[2026-04-06T01:10:01-07:00] reconcile completed
[2026-04-06T01:12:25-07:00] checking task=feat-ai-fake-api-hardening status=ready_for_review attempts=0/3
[2026-04-06T01:12:25-07:00] tmux session alive: agent-feat-ai-fake-api-hardening
[2026-04-06T01:12:25-07:00] reconcile completed
[2026-04-06T01:18:49-07:00] checking task=feat-ai-fake-api-hardening status=ready_for_review attempts=0/3
[2026-04-06T01:18:49-07:00] tmux session alive: agent-feat-ai-fake-api-hardening
[2026-04-06T01:18:49-07:00] reconcile completed
[2026-04-06T01:20:01-07:00] checking task=feat-ai-fake-api-hardening status=ready_for_review attempts=0/3
[2026-04-06T01:20:01-07:00] tmux session alive: agent-feat-ai-fake-api-hardening
[2026-04-06T01:20:01-07:00] reconcile completed
[2026-04-06T01:30:01-07:00] checking task=feat-ai-fake-api-hardening status=ready_for_review attempts=0/3
[2026-04-06T01:30:01-07:00] tmux session alive: agent-feat-ai-fake-api-hardening
[2026-04-06T01:30:01-07:00] reconcile completed
[2026-04-06T01:40:02-07:00] checking task=feat-ai-fake-api-hardening status=ready_for_review attempts=0/3
[2026-04-06T01:40:02-07:00] tmux session alive: agent-feat-ai-fake-api-hardening
[2026-04-06T01:40:02-07:00] reconcile completed
[2026-04-06T01:43:20-07:00] checking task=feat-ai-fake-api-hardening status=ready_for_review attempts=0/3
[2026-04-06T01:43:20-07:00] tmux session alive: agent-feat-ai-fake-api-hardening
[2026-04-06T01:43:20-07:00] reconcile completed
[2026-04-06T01:50:01-07:00] checking task=feat-ai-fake-api-hardening status=ready_for_review attempts=0/3
[2026-04-06T01:50:01-07:00] tmux session alive: agent-feat-ai-fake-api-hardening
[2026-04-06T01:50:01-07:00] reconcile completed
[2026-04-06T02:00:01-07:00] checking task=feat-ai-fake-api-hardening status=ready_for_review attempts=0/3
[2026-04-06T02:00:01-07:00] tmux session alive: agent-feat-ai-fake-api-hardening
[2026-04-06T02:00:01-07:00] reconcile completed
[2026-04-06T02:05:12-07:00] checking task=feat-ai-fake-api-hardening status=ready_for_review attempts=0/3
[2026-04-06T02:05:12-07:00] tmux session alive: agent-feat-ai-fake-api-hardening
[2026-04-06T02:05:12-07:00] reconcile completed
[2026-04-06T02:10:01-07:00] checking task=feat-ai-fake-api-hardening status=ready_for_review attempts=0/3
[2026-04-06T02:10:01-07:00] cleared tmux session for non-execution status: feat-ai-fake-api-hardening
[2026-04-06T02:10:01-07:00] reconcile completed
[2026-04-06T02:11:28-07:00] checking task=feat-ai-fake-api-hardening status=ready_for_review attempts=0/3
[2026-04-06T02:11:28-07:00] reconcile completed
[2026-04-06T02:20:02-07:00] checking task=feat-ai-fake-api-hardening status=ready_for_review attempts=0/3
[2026-04-06T02:20:02-07:00] reconcile completed
[2026-04-06T02:30:01-07:00] checking task=feat-ai-fake-api-hardening status=ready_for_review attempts=0/3
[2026-04-06T02:30:01-07:00] reconcile completed
[2026-04-06T02:40:01-07:00] checking task=feat-ai-fake-api-hardening status=ready_for_review attempts=0/3
[2026-04-06T02:40:01-07:00] reconcile completed
[2026-04-06T02:50:01-07:00] checking task=feat-ai-fake-api-hardening status=ready_for_review attempts=0/3
[2026-04-06T02:50:01-07:00] reconcile completed
[2026-04-06T03:00:01-07:00] checking task=feat-ai-fake-api-hardening status=ready_for_review attempts=0/3
[2026-04-06T03:00:01-07:00] reconcile completed
[2026-04-06T03:10:01-07:00] checking task=feat-ai-fake-api-hardening status=ready_for_review attempts=0/3
[2026-04-06T03:10:01-07:00] reconcile completed
[2026-04-06T03:20:01-07:00] checking task=feat-ai-fake-api-hardening status=ready_for_review attempts=0/3
[2026-04-06T03:20:01-07:00] reconcile completed
[2026-04-06T03:30:01-07:00] checking task=feat-ai-fake-api-hardening status=ready_for_review attempts=0/3
[2026-04-06T03:30:01-07:00] reconcile completed
[2026-04-06T03:40:01-07:00] checking task=feat-ai-fake-api-hardening status=ready_for_review attempts=0/3
[2026-04-06T03:40:01-07:00] reconcile completed
[2026-04-06T03:50:01-07:00] checking task=feat-ai-fake-api-hardening status=ready_for_review attempts=0/3
[2026-04-06T03:50:01-07:00] reconcile completed
[2026-04-06T04:00:01-07:00] checking task=feat-ai-fake-api-hardening status=ready_for_review attempts=0/3
[2026-04-06T04:00:01-07:00] reconcile completed
[2026-04-06T04:10:01-07:00] checking task=feat-ai-fake-api-hardening status=ready_for_review attempts=0/3
[2026-04-06T04:10:01-07:00] reconcile completed
[2026-04-06T04:20:01-07:00] checking task=feat-ai-fake-api-hardening status=ready_for_review attempts=0/3
[2026-04-06T04:20:01-07:00] reconcile completed
[2026-04-06T04:30:01-07:00] checking task=feat-ai-fake-api-hardening status=ready_for_review attempts=0/3
[2026-04-06T04:30:01-07:00] reconcile completed
[2026-04-06T04:40:01-07:00] checking task=feat-ai-fake-api-hardening status=ready_for_review attempts=0/3
[2026-04-06T04:40:01-07:00] reconcile completed
[2026-04-06T04:50:01-07:00] checking task=feat-ai-fake-api-hardening status=ready_for_review attempts=0/3
[2026-04-06T04:50:01-07:00] reconcile completed
[2026-04-06T05:00:02-07:00] checking task=feat-ai-fake-api-hardening status=ready_for_review attempts=0/3
[2026-04-06T05:00:02-07:00] reconcile completed
[2026-04-06T05:10:01-07:00] checking task=feat-ai-fake-api-hardening status=ready_for_review attempts=0/3
[2026-04-06T05:10:01-07:00] reconcile completed
[2026-04-06T05:19:51-07:00] checking task=feat-ai-fake-api-hardening status=ready_for_review attempts=0/3
[2026-04-06T05:19:51-07:00] checking task=req-20260406-051745-smoke-from-feishu-no status=running attempts=0/3
[2026-04-06T05:19:51-07:00] tmux session missing: agent-req-20260406-051745-smoke-from-feishu-no
[2026-04-06T05:19:51-07:00] marked retrying: req-20260406-051745-smoke-from-feishu-no attempt=1/3 class=infra backoff=30s
adjusted prompt for req-20260406-051745-smoke-from-feishu-no reason=tmux_session_not_alive attempt=1
[2026-04-06T05:19:51-07:00] prompt adjusted for retry: req-20260406-051745-smoke-from-feishu-no
[2026-04-06T05:19:51-07:00] reconcile completed
[2026-04-06T05:20:01-07:00] checking task=feat-ai-fake-api-hardening status=ready_for_review attempts=0/3
[2026-04-06T05:20:01-07:00] checking task=req-20260406-051745-smoke-from-feishu-no status=retrying attempts=1/3
[2026-04-06T05:20:01-07:00] retry not due yet: req-20260406-051745-smoke-from-feishu-no retryAtEpoch=1775478021 now=1775478001
[2026-04-06T05:20:01-07:00] reconcile completed
[2026-04-06T05:22:53-07:00] checking task=feat-ai-fake-api-hardening status=ready_for_review attempts=0/3
[2026-04-06T05:22:53-07:00] checking task=req-20260406-051745-smoke-from-feishu-no status=retrying attempts=1/3
started task=req-20260406-051745-smoke-from-feishu-no session=agent-req-20260406-051745-smoke-from-feishu-no
[2026-04-06T05:22:54-07:00] retry launch attempted: req-20260406-051745-smoke-from-feishu-no
[2026-04-06T05:22:54-07:00] reconcile completed
[2026-04-06T05:29:42-07:00] checking task=feat-ai-fake-api-hardening status=ready_for_review attempts=0/3
[2026-04-06T05:29:42-07:00] checking task=req-20260406-051745-smoke-from-feishu-no status=running attempts=1/3
[2026-04-06T05:29:42-07:00] tmux session missing: agent-req-20260406-051745-smoke-from-feishu-no
[2026-04-06T05:29:42-07:00] marked retrying: req-20260406-051745-smoke-from-feishu-no attempt=2/3 class=infra backoff=120s
adjusted prompt for req-20260406-051745-smoke-from-feishu-no reason=tmux_session_not_alive attempt=2
[2026-04-06T05:29:42-07:00] prompt adjusted for retry: req-20260406-051745-smoke-from-feishu-no
[2026-04-06T05:29:42-07:00] checking task=req-20260406-052850-smoke-from-feishu-no status=running attempts=0/3
[2026-04-06T05:29:42-07:00] tmux session missing: agent-req-20260406-052850-smoke-from-feishu-no
[2026-04-06T05:29:42-07:00] marked retrying: req-20260406-052850-smoke-from-feishu-no attempt=1/3 class=infra backoff=30s
adjusted prompt for req-20260406-052850-smoke-from-feishu-no reason=tmux_session_not_alive attempt=1
[2026-04-06T05:29:42-07:00] prompt adjusted for retry: req-20260406-052850-smoke-from-feishu-no
[2026-04-06T05:29:42-07:00] reconcile completed
[2026-04-06T05:30:01-07:00] checking task=feat-ai-fake-api-hardening status=ready_for_review attempts=0/3
[2026-04-06T05:30:01-07:00] checking task=req-20260406-051745-smoke-from-feishu-no status=retrying attempts=2/3
[2026-04-06T05:30:01-07:00] retry not due yet: req-20260406-051745-smoke-from-feishu-no retryAtEpoch=1775478702 now=1775478601
[2026-04-06T05:30:01-07:00] checking task=req-20260406-052850-smoke-from-feishu-no status=retrying attempts=1/3
[2026-04-06T05:30:01-07:00] retry not due yet: req-20260406-052850-smoke-from-feishu-no retryAtEpoch=1775478612 now=1775478601
[2026-04-06T05:30:01-07:00] reconcile completed
[2026-04-06T05:31:48-07:00] checking task=feat-ai-fake-api-hardening status=ready_for_review attempts=0/3
[2026-04-06T05:31:48-07:00] checking task=req-20260406-051745-smoke-from-feishu-no status=retrying attempts=2/3
started task=req-20260406-051745-smoke-from-feishu-no session=agent-req-20260406-051745-smoke-from-feishu-no
[2026-04-06T05:31:48-07:00] retry launch attempted: req-20260406-051745-smoke-from-feishu-no
[2026-04-06T05:31:48-07:00] checking task=req-20260406-052850-smoke-from-feishu-no status=retrying attempts=1/3
started task=req-20260406-052850-smoke-from-feishu-no session=agent-req-20260406-052850-smoke-from-feishu-no
[2026-04-06T05:31:48-07:00] retry launch attempted: req-20260406-052850-smoke-from-feishu-no
[2026-04-06T05:31:48-07:00] reconcile completed
[2026-04-06T05:32:51-07:00] checking task=feat-ai-fake-api-hardening status=ready_for_review attempts=0/3
[2026-04-06T05:32:51-07:00] checking task=req-20260406-051745-smoke-from-feishu-no status=running attempts=2/3
[2026-04-06T05:32:51-07:00] tmux session missing: agent-req-20260406-051745-smoke-from-feishu-no
[2026-04-06T05:32:51-07:00] task process exited 0; marked ready_for_review: req-20260406-051745-smoke-from-feishu-no
[2026-04-06T05:32:51-07:00] checking task=req-20260406-052850-smoke-from-feishu-no status=running attempts=1/3
[2026-04-06T05:32:51-07:00] tmux session missing: agent-req-20260406-052850-smoke-from-feishu-no
[2026-04-06T05:32:51-07:00] task process exited 0; marked ready_for_review: req-20260406-052850-smoke-from-feishu-no
[2026-04-06T05:32:51-07:00] reconcile completed
[2026-04-06T05:33:34-07:00] checking task=feat-ai-fake-api-hardening status=ready_for_review attempts=0/3
[2026-04-06T05:33:34-07:00] checking task=req-20260406-051745-smoke-from-feishu-no status=ready_for_review attempts=2/3
[2026-04-06T05:33:34-07:00] checking task=req-20260406-052850-smoke-from-feishu-no status=ready_for_review attempts=1/3
[2026-04-06T05:33:34-07:00] checking task=req-20260406-053304-sandbox-stability-sm status=running attempts=0/3
[2026-04-06T05:33:34-07:00] tmux session missing: agent-req-20260406-053304-sandbox-stability-sm
[2026-04-06T05:33:34-07:00] task process exited 0; marked ready_for_review: req-20260406-053304-sandbox-stability-sm
[2026-04-06T05:33:34-07:00] reconcile completed
[2026-04-06T05:40:01-07:00] checking task=feat-ai-fake-api-hardening status=ready_for_review attempts=0/3
[2026-04-06T05:40:02-07:00] checking task=req-20260406-051745-smoke-from-feishu-no status=ready_for_review attempts=2/3
[2026-04-06T05:40:02-07:00] checking task=req-20260406-052850-smoke-from-feishu-no status=ready_for_review attempts=1/3
[2026-04-06T05:40:02-07:00] checking task=req-20260406-053304-sandbox-stability-sm status=ready_for_review attempts=0/3
[2026-04-06T05:40:02-07:00] reconcile completed
[2026-04-06T05:50:01-07:00] checking task=feat-ai-fake-api-hardening status=ready_for_review attempts=0/3
[2026-04-06T05:50:01-07:00] checking task=req-20260406-051745-smoke-from-feishu-no status=ready_for_review attempts=2/3
[2026-04-06T05:50:01-07:00] checking task=req-20260406-052850-smoke-from-feishu-no status=ready_for_review attempts=1/3
[2026-04-06T05:50:01-07:00] checking task=req-20260406-053304-sandbox-stability-sm status=ready_for_review attempts=0/3
[2026-04-06T05:50:01-07:00] reconcile completed
[2026-04-06T06:00:01-07:00] checking task=feat-ai-fake-api-hardening status=ready_for_review attempts=0/3
[2026-04-06T06:00:01-07:00] checking task=req-20260406-051745-smoke-from-feishu-no status=ready_for_review attempts=2/3
[2026-04-06T06:00:01-07:00] checking task=req-20260406-052850-smoke-from-feishu-no status=ready_for_review attempts=1/3
[2026-04-06T06:00:01-07:00] checking task=req-20260406-053304-sandbox-stability-sm status=ready_for_review attempts=0/3
[2026-04-06T06:00:01-07:00] checking task=req-20260406-055833-title-test-now-0558 status=running attempts=0/3
[2026-04-06T06:00:01-07:00] tmux session missing: agent-req-20260406-055833-title-test-now-0558
[2026-04-06T06:00:01-07:00] task process exited 0; marked ready_for_review: req-20260406-055833-title-test-now-0558
[2026-04-06T06:00:01-07:00] reconcile completed
[2026-04-06T06:10:01-07:00] checking task=feat-ai-fake-api-hardening status=ready_for_review attempts=0/3
[2026-04-06T06:10:01-07:00] checking task=req-20260406-051745-smoke-from-feishu-no status=ready_for_review attempts=2/3
[2026-04-06T06:10:01-07:00] checking task=req-20260406-052850-smoke-from-feishu-no status=ready_for_review attempts=1/3
[2026-04-06T06:10:01-07:00] checking task=req-20260406-053304-sandbox-stability-sm status=ready_for_review attempts=0/3
[2026-04-06T06:10:01-07:00] checking task=req-20260406-055833-title-test-now-0558 status=ready_for_review attempts=0/3
[2026-04-06T06:10:01-07:00] reconcile completed
[2026-04-06T06:20:01-07:00] checking task=feat-ai-fake-api-hardening status=ready_for_review attempts=0/3
[2026-04-06T06:20:01-07:00] checking task=req-20260406-051745-smoke-from-feishu-no status=ready_for_review attempts=2/3
[2026-04-06T06:20:01-07:00] checking task=req-20260406-052850-smoke-from-feishu-no status=ready_for_review attempts=1/3
[2026-04-06T06:20:01-07:00] checking task=req-20260406-053304-sandbox-stability-sm status=ready_for_review attempts=0/3
[2026-04-06T06:20:01-07:00] checking task=req-20260406-055833-title-test-now-0558 status=ready_for_review attempts=0/3
[2026-04-06T06:20:01-07:00] reconcile completed
[2026-04-06T06:30:01-07:00] checking task=feat-ai-fake-api-hardening status=ready_for_review attempts=0/3
[2026-04-06T06:30:01-07:00] checking task=req-20260406-051745-smoke-from-feishu-no status=ready_for_review attempts=2/3
[2026-04-06T06:30:01-07:00] checking task=req-20260406-052850-smoke-from-feishu-no status=ready_for_review attempts=1/3
[2026-04-06T06:30:01-07:00] checking task=req-20260406-053304-sandbox-stability-sm status=ready_for_review attempts=0/3
[2026-04-06T06:30:01-07:00] checking task=req-20260406-055833-title-test-now-0558 status=ready_for_review attempts=0/3
[2026-04-06T06:30:01-07:00] reconcile completed
[2026-04-06T06:40:01-07:00] checking task=feat-ai-fake-api-hardening status=ready_for_review attempts=0/3
[2026-04-06T06:40:01-07:00] checking task=req-20260406-051745-smoke-from-feishu-no status=ready_for_review attempts=2/3
[2026-04-06T06:40:01-07:00] checking task=req-20260406-052850-smoke-from-feishu-no status=ready_for_review attempts=1/3
[2026-04-06T06:40:01-07:00] checking task=req-20260406-053304-sandbox-stability-sm status=ready_for_review attempts=0/3
[2026-04-06T06:40:01-07:00] checking task=req-20260406-055833-title-test-now-0558 status=ready_for_review attempts=0/3
[2026-04-06T06:40:01-07:00] reconcile completed
[2026-04-06T06:50:01-07:00] checking task=feat-ai-fake-api-hardening status=ready_for_review attempts=0/3
[2026-04-06T06:50:01-07:00] checking task=req-20260406-051745-smoke-from-feishu-no status=ready_for_review attempts=2/3
[2026-04-06T06:50:01-07:00] checking task=req-20260406-052850-smoke-from-feishu-no status=ready_for_review attempts=1/3
[2026-04-06T06:50:01-07:00] checking task=req-20260406-053304-sandbox-stability-sm status=ready_for_review attempts=0/3
[2026-04-06T06:50:01-07:00] checking task=req-20260406-055833-title-test-now-0558 status=ready_for_review attempts=0/3
[2026-04-06T06:50:01-07:00] reconcile completed
[2026-04-06T07:00:01-07:00] checking task=feat-ai-fake-api-hardening status=ready_for_review attempts=0/3
[2026-04-06T07:00:01-07:00] checking task=req-20260406-051745-smoke-from-feishu-no status=ready_for_review attempts=2/3
[2026-04-06T07:00:01-07:00] checking task=req-20260406-052850-smoke-from-feishu-no status=ready_for_review attempts=1/3
[2026-04-06T07:00:01-07:00] checking task=req-20260406-053304-sandbox-stability-sm status=ready_for_review attempts=0/3
[2026-04-06T07:00:01-07:00] checking task=req-20260406-055833-title-test-now-0558 status=ready_for_review attempts=0/3
[2026-04-06T07:00:01-07:00] reconcile completed
[2026-04-06T07:10:01-07:00] checking task=feat-ai-fake-api-hardening status=ready_for_review attempts=0/3
[2026-04-06T07:10:01-07:00] checking task=req-20260406-051745-smoke-from-feishu-no status=ready_for_review attempts=2/3
[2026-04-06T07:10:01-07:00] checking task=req-20260406-052850-smoke-from-feishu-no status=ready_for_review attempts=1/3
[2026-04-06T07:10:01-07:00] checking task=req-20260406-053304-sandbox-stability-sm status=ready_for_review attempts=0/3
[2026-04-06T07:10:01-07:00] checking task=req-20260406-055833-title-test-now-0558 status=ready_for_review attempts=0/3
[2026-04-06T07:10:01-07:00] reconcile completed
[2026-04-06T07:20:01-07:00] checking task=feat-ai-fake-api-hardening status=ready_for_review attempts=0/3
[2026-04-06T07:20:01-07:00] checking task=req-20260406-051745-smoke-from-feishu-no status=ready_for_review attempts=2/3
[2026-04-06T07:20:01-07:00] checking task=req-20260406-052850-smoke-from-feishu-no status=ready_for_review attempts=1/3
[2026-04-06T07:20:01-07:00] checking task=req-20260406-053304-sandbox-stability-sm status=ready_for_review attempts=0/3
[2026-04-06T07:20:01-07:00] checking task=req-20260406-055833-title-test-now-0558 status=ready_for_review attempts=0/3
[2026-04-06T07:20:01-07:00] reconcile completed
[2026-04-06T07:30:01-07:00] checking task=feat-ai-fake-api-hardening status=ready_for_review attempts=0/3
[2026-04-06T07:30:01-07:00] checking task=req-20260406-051745-smoke-from-feishu-no status=ready_for_review attempts=2/3
[2026-04-06T07:30:01-07:00] checking task=req-20260406-052850-smoke-from-feishu-no status=ready_for_review attempts=1/3
[2026-04-06T07:30:01-07:00] checking task=req-20260406-053304-sandbox-stability-sm status=ready_for_review attempts=0/3
[2026-04-06T07:30:01-07:00] checking task=req-20260406-055833-title-test-now-0558 status=ready_for_review attempts=0/3
[2026-04-06T07:30:01-07:00] reconcile completed
[2026-04-06T07:40:01-07:00] checking task=feat-ai-fake-api-hardening status=ready_for_review attempts=0/3
[2026-04-06T07:40:01-07:00] checking task=req-20260406-051745-smoke-from-feishu-no status=ready_for_review attempts=2/3
[2026-04-06T07:40:01-07:00] checking task=req-20260406-052850-smoke-from-feishu-no status=ready_for_review attempts=1/3
[2026-04-06T07:40:01-07:00] checking task=req-20260406-053304-sandbox-stability-sm status=ready_for_review attempts=0/3
[2026-04-06T07:40:01-07:00] checking task=req-20260406-055833-title-test-now-0558 status=ready_for_review attempts=0/3
[2026-04-06T07:40:01-07:00] reconcile completed
[2026-04-06T07:50:01-07:00] checking task=feat-ai-fake-api-hardening status=ready_for_review attempts=0/3
[2026-04-06T07:50:01-07:00] checking task=req-20260406-051745-smoke-from-feishu-no status=ready_for_review attempts=2/3
[2026-04-06T07:50:01-07:00] checking task=req-20260406-052850-smoke-from-feishu-no status=ready_for_review attempts=1/3
[2026-04-06T07:50:01-07:00] checking task=req-20260406-053304-sandbox-stability-sm status=ready_for_review attempts=0/3
[2026-04-06T07:50:01-07:00] checking task=req-20260406-055833-title-test-now-0558 status=ready_for_review attempts=0/3
[2026-04-06T07:50:01-07:00] reconcile completed
[2026-04-06T08:00:01-07:00] checking task=feat-ai-fake-api-hardening status=ready_for_review attempts=0/3
[2026-04-06T08:00:01-07:00] checking task=req-20260406-051745-smoke-from-feishu-no status=ready_for_review attempts=2/3
[2026-04-06T08:00:01-07:00] checking task=req-20260406-052850-smoke-from-feishu-no status=ready_for_review attempts=1/3
[2026-04-06T08:00:01-07:00] checking task=req-20260406-053304-sandbox-stability-sm status=ready_for_review attempts=0/3
[2026-04-06T08:00:01-07:00] checking task=req-20260406-055833-title-test-now-0558 status=ready_for_review attempts=0/3
[2026-04-06T08:00:01-07:00] reconcile completed
[2026-04-06T08:10:01-07:00] checking task=feat-ai-fake-api-hardening status=ready_for_review attempts=0/3
[2026-04-06T08:10:01-07:00] checking task=req-20260406-051745-smoke-from-feishu-no status=ready_for_review attempts=2/3
[2026-04-06T08:10:01-07:00] checking task=req-20260406-052850-smoke-from-feishu-no status=ready_for_review attempts=1/3
[2026-04-06T08:10:01-07:00] checking task=req-20260406-053304-sandbox-stability-sm status=ready_for_review attempts=0/3
[2026-04-06T08:10:01-07:00] checking task=req-20260406-055833-title-test-now-0558 status=ready_for_review attempts=0/3
[2026-04-06T08:10:01-07:00] reconcile completed
[2026-04-06T08:20:01-07:00] checking task=feat-ai-fake-api-hardening status=ready_for_review attempts=0/3
[2026-04-06T08:20:01-07:00] checking task=req-20260406-051745-smoke-from-feishu-no status=ready_for_review attempts=2/3
[2026-04-06T08:20:01-07:00] checking task=req-20260406-052850-smoke-from-feishu-no status=ready_for_review attempts=1/3
[2026-04-06T08:20:01-07:00] checking task=req-20260406-053304-sandbox-stability-sm status=ready_for_review attempts=0/3
[2026-04-06T08:20:01-07:00] checking task=req-20260406-055833-title-test-now-0558 status=ready_for_review attempts=0/3
[2026-04-06T08:20:01-07:00] reconcile completed
[2026-04-06T08:30:01-07:00] checking task=feat-ai-fake-api-hardening status=ready_for_review attempts=0/3
[2026-04-06T08:30:01-07:00] checking task=req-20260406-051745-smoke-from-feishu-no status=ready_for_review attempts=2/3
[2026-04-06T08:30:01-07:00] checking task=req-20260406-052850-smoke-from-feishu-no status=ready_for_review attempts=1/3
[2026-04-06T08:30:01-07:00] checking task=req-20260406-053304-sandbox-stability-sm status=ready_for_review attempts=0/3
[2026-04-06T08:30:02-07:00] checking task=req-20260406-055833-title-test-now-0558 status=ready_for_review attempts=0/3
[2026-04-06T08:30:02-07:00] reconcile completed
[2026-04-06T08:40:01-07:00] checking task=feat-ai-fake-api-hardening status=ready_for_review attempts=0/3
[2026-04-06T08:40:01-07:00] checking task=req-20260406-051745-smoke-from-feishu-no status=ready_for_review attempts=2/3
[2026-04-06T08:40:01-07:00] checking task=req-20260406-052850-smoke-from-feishu-no status=ready_for_review attempts=1/3
[2026-04-06T08:40:02-07:00] checking task=req-20260406-053304-sandbox-stability-sm status=ready_for_review attempts=0/3
[2026-04-06T08:40:02-07:00] checking task=req-20260406-055833-title-test-now-0558 status=ready_for_review attempts=0/3
[2026-04-06T08:40:02-07:00] reconcile completed
[2026-04-06T08:50:01-07:00] checking task=feat-ai-fake-api-hardening status=ready_for_review attempts=0/3
[2026-04-06T08:50:01-07:00] checking task=req-20260406-051745-smoke-from-feishu-no status=ready_for_review attempts=2/3
[2026-04-06T08:50:01-07:00] checking task=req-20260406-052850-smoke-from-feishu-no status=ready_for_review attempts=1/3
[2026-04-06T08:50:01-07:00] checking task=req-20260406-053304-sandbox-stability-sm status=ready_for_review attempts=0/3
[2026-04-06T08:50:01-07:00] checking task=req-20260406-055833-title-test-now-0558 status=ready_for_review attempts=0/3
[2026-04-06T08:50:01-07:00] reconcile completed
[2026-04-06T09:00:01-07:00] checking task=feat-ai-fake-api-hardening status=ready_for_review attempts=0/3
[2026-04-06T09:00:01-07:00] checking task=req-20260406-051745-smoke-from-feishu-no status=ready_for_review attempts=2/3
[2026-04-06T09:00:01-07:00] checking task=req-20260406-052850-smoke-from-feishu-no status=ready_for_review attempts=1/3
[2026-04-06T09:00:02-07:00] checking task=req-20260406-053304-sandbox-stability-sm status=ready_for_review attempts=0/3
[2026-04-06T09:00:02-07:00] checking task=req-20260406-055833-title-test-now-0558 status=ready_for_review attempts=0/3
[2026-04-06T09:00:02-07:00] reconcile completed
[2026-04-06T09:10:01-07:00] checking task=feat-ai-fake-api-hardening status=ready_for_review attempts=0/3
[2026-04-06T09:10:02-07:00] checking task=req-20260406-051745-smoke-from-feishu-no status=ready_for_review attempts=2/3
[2026-04-06T09:10:02-07:00] checking task=req-20260406-052850-smoke-from-feishu-no status=ready_for_review attempts=1/3
[2026-04-06T09:10:02-07:00] checking task=req-20260406-053304-sandbox-stability-sm status=ready_for_review attempts=0/3
[2026-04-06T09:10:02-07:00] checking task=req-20260406-055833-title-test-now-0558 status=ready_for_review attempts=0/3
[2026-04-06T09:10:02-07:00] reconcile completed
[2026-04-06T09:20:02-07:00] checking task=feat-ai-fake-api-hardening status=ready_for_review attempts=0/3
[2026-04-06T09:20:02-07:00] checking task=req-20260406-051745-smoke-from-feishu-no status=ready_for_review attempts=2/3
[2026-04-06T09:20:02-07:00] checking task=req-20260406-052850-smoke-from-feishu-no status=ready_for_review attempts=1/3
[2026-04-06T09:20:02-07:00] checking task=req-20260406-053304-sandbox-stability-sm status=ready_for_review attempts=0/3
[2026-04-06T09:20:02-07:00] checking task=req-20260406-055833-title-test-now-0558 status=ready_for_review attempts=0/3
[2026-04-06T09:20:02-07:00] reconcile completed
[2026-04-06T09:30:01-07:00] checking task=feat-ai-fake-api-hardening status=ready_for_review attempts=0/3
[2026-04-06T09:30:01-07:00] checking task=req-20260406-051745-smoke-from-feishu-no status=ready_for_review attempts=2/3
[2026-04-06T09:30:01-07:00] checking task=req-20260406-052850-smoke-from-feishu-no status=ready_for_review attempts=1/3
[2026-04-06T09:30:01-07:00] checking task=req-20260406-053304-sandbox-stability-sm status=ready_for_review attempts=0/3
[2026-04-06T09:30:01-07:00] checking task=req-20260406-055833-title-test-now-0558 status=ready_for_review attempts=0/3
[2026-04-06T09:30:01-07:00] reconcile completed
[2026-04-06T09:40:01-07:00] checking task=feat-ai-fake-api-hardening status=ready_for_review attempts=0/3
[2026-04-06T09:40:01-07:00] checking task=req-20260406-051745-smoke-from-feishu-no status=ready_for_review attempts=2/3
[2026-04-06T09:40:01-07:00] checking task=req-20260406-052850-smoke-from-feishu-no status=ready_for_review attempts=1/3
[2026-04-06T09:40:01-07:00] checking task=req-20260406-053304-sandbox-stability-sm status=ready_for_review attempts=0/3
[2026-04-06T09:40:01-07:00] checking task=req-20260406-055833-title-test-now-0558 status=ready_for_review attempts=0/3
[2026-04-06T09:40:01-07:00] reconcile completed
[2026-04-06T09:50:01-07:00] checking task=feat-ai-fake-api-hardening status=ready_for_review attempts=0/3
[2026-04-06T09:50:01-07:00] checking task=req-20260406-051745-smoke-from-feishu-no status=ready_for_review attempts=2/3
[2026-04-06T09:50:01-07:00] checking task=req-20260406-052850-smoke-from-feishu-no status=ready_for_review attempts=1/3
[2026-04-06T09:50:01-07:00] checking task=req-20260406-053304-sandbox-stability-sm status=ready_for_review attempts=0/3
[2026-04-06T09:50:01-07:00] checking task=req-20260406-055833-title-test-now-0558 status=ready_for_review attempts=0/3
[2026-04-06T09:50:01-07:00] reconcile completed
[2026-04-06T10:00:01-07:00] checking task=feat-ai-fake-api-hardening status=ready_for_review attempts=0/3
[2026-04-06T10:00:01-07:00] checking task=req-20260406-051745-smoke-from-feishu-no status=ready_for_review attempts=2/3
[2026-04-06T10:00:01-07:00] checking task=req-20260406-052850-smoke-from-feishu-no status=ready_for_review attempts=1/3
[2026-04-06T10:00:01-07:00] checking task=req-20260406-053304-sandbox-stability-sm status=ready_for_review attempts=0/3
[2026-04-06T10:00:01-07:00] checking task=req-20260406-055833-title-test-now-0558 status=ready_for_review attempts=0/3
[2026-04-06T10:00:01-07:00] reconcile completed
[2026-04-06T10:10:01-07:00] checking task=feat-ai-fake-api-hardening status=ready_for_review attempts=0/3
[2026-04-06T10:10:01-07:00] checking task=req-20260406-051745-smoke-from-feishu-no status=ready_for_review attempts=2/3
[2026-04-06T10:10:01-07:00] checking task=req-20260406-052850-smoke-from-feishu-no status=ready_for_review attempts=1/3
[2026-04-06T10:10:01-07:00] checking task=req-20260406-053304-sandbox-stability-sm status=ready_for_review attempts=0/3
[2026-04-06T10:10:01-07:00] checking task=req-20260406-055833-title-test-now-0558 status=ready_for_review attempts=0/3
[2026-04-06T10:10:01-07:00] reconcile completed
[2026-04-06T10:20:01-07:00] checking task=feat-ai-fake-api-hardening status=ready_for_review attempts=0/3
[2026-04-06T10:20:01-07:00] checking task=req-20260406-051745-smoke-from-feishu-no status=ready_for_review attempts=2/3
[2026-04-06T10:20:01-07:00] checking task=req-20260406-052850-smoke-from-feishu-no status=ready_for_review attempts=1/3
[2026-04-06T10:20:01-07:00] checking task=req-20260406-053304-sandbox-stability-sm status=ready_for_review attempts=0/3
[2026-04-06T10:20:01-07:00] checking task=req-20260406-055833-title-test-now-0558 status=ready_for_review attempts=0/3
[2026-04-06T10:20:01-07:00] reconcile completed
[2026-04-06T10:30:01-07:00] checking task=feat-ai-fake-api-hardening status=ready_for_review attempts=0/3
[2026-04-06T10:30:01-07:00] checking task=req-20260406-051745-smoke-from-feishu-no status=ready_for_review attempts=2/3
[2026-04-06T10:30:01-07:00] checking task=req-20260406-052850-smoke-from-feishu-no status=ready_for_review attempts=1/3
[2026-04-06T10:30:01-07:00] checking task=req-20260406-053304-sandbox-stability-sm status=ready_for_review attempts=0/3
[2026-04-06T10:30:01-07:00] checking task=req-20260406-055833-title-test-now-0558 status=ready_for_review attempts=0/3
[2026-04-06T10:30:01-07:00] reconcile completed
[2026-04-06T10:40:01-07:00] checking task=feat-ai-fake-api-hardening status=ready_for_review attempts=0/3
[2026-04-06T10:40:01-07:00] checking task=req-20260406-051745-smoke-from-feishu-no status=ready_for_review attempts=2/3
[2026-04-06T10:40:01-07:00] checking task=req-20260406-052850-smoke-from-feishu-no status=ready_for_review attempts=1/3
[2026-04-06T10:40:01-07:00] checking task=req-20260406-053304-sandbox-stability-sm status=ready_for_review attempts=0/3
[2026-04-06T10:40:01-07:00] checking task=req-20260406-055833-title-test-now-0558 status=ready_for_review attempts=0/3
[2026-04-06T10:40:01-07:00] reconcile completed
[2026-04-06T10:50:01-07:00] checking task=feat-ai-fake-api-hardening status=ready_for_review attempts=0/3
[2026-04-06T10:50:01-07:00] checking task=req-20260406-051745-smoke-from-feishu-no status=ready_for_review attempts=2/3
[2026-04-06T10:50:01-07:00] checking task=req-20260406-052850-smoke-from-feishu-no status=ready_for_review attempts=1/3
[2026-04-06T10:50:01-07:00] checking task=req-20260406-053304-sandbox-stability-sm status=ready_for_review attempts=0/3
[2026-04-06T10:50:01-07:00] checking task=req-20260406-055833-title-test-now-0558 status=ready_for_review attempts=0/3
[2026-04-06T10:50:01-07:00] reconcile completed
[2026-04-06T11:00:01-07:00] checking task=feat-ai-fake-api-hardening status=ready_for_review attempts=0/3
[2026-04-06T11:00:01-07:00] checking task=req-20260406-051745-smoke-from-feishu-no status=ready_for_review attempts=2/3
[2026-04-06T11:00:01-07:00] checking task=req-20260406-052850-smoke-from-feishu-no status=ready_for_review attempts=1/3
[2026-04-06T11:00:01-07:00] checking task=req-20260406-053304-sandbox-stability-sm status=ready_for_review attempts=0/3
[2026-04-06T11:00:01-07:00] checking task=req-20260406-055833-title-test-now-0558 status=ready_for_review attempts=0/3
[2026-04-06T11:00:01-07:00] reconcile completed
[2026-04-06T11:10:01-07:00] checking task=feat-ai-fake-api-hardening status=ready_for_review attempts=0/3
[2026-04-06T11:10:01-07:00] checking task=req-20260406-051745-smoke-from-feishu-no status=ready_for_review attempts=2/3
[2026-04-06T11:10:01-07:00] checking task=req-20260406-052850-smoke-from-feishu-no status=ready_for_review attempts=1/3
[2026-04-06T11:10:01-07:00] checking task=req-20260406-053304-sandbox-stability-sm status=ready_for_review attempts=0/3
[2026-04-06T11:10:01-07:00] checking task=req-20260406-055833-title-test-now-0558 status=ready_for_review attempts=0/3
[2026-04-06T11:10:01-07:00] reconcile completed
[2026-04-06T11:20:01-07:00] checking task=feat-ai-fake-api-hardening status=ready_for_review attempts=0/3
[2026-04-06T11:20:01-07:00] checking task=req-20260406-051745-smoke-from-feishu-no status=ready_for_review attempts=2/3
[2026-04-06T11:20:01-07:00] checking task=req-20260406-052850-smoke-from-feishu-no status=ready_for_review attempts=1/3
[2026-04-06T11:20:02-07:00] checking task=req-20260406-053304-sandbox-stability-sm status=ready_for_review attempts=0/3
[2026-04-06T11:20:02-07:00] checking task=req-20260406-055833-title-test-now-0558 status=ready_for_review attempts=0/3
[2026-04-06T11:20:02-07:00] reconcile completed
[2026-04-06T11:30:01-07:00] checking task=feat-ai-fake-api-hardening status=ready_for_review attempts=0/3
[2026-04-06T11:30:01-07:00] checking task=req-20260406-051745-smoke-from-feishu-no status=ready_for_review attempts=2/3
[2026-04-06T11:30:01-07:00] checking task=req-20260406-052850-smoke-from-feishu-no status=ready_for_review attempts=1/3
[2026-04-06T11:30:01-07:00] checking task=req-20260406-053304-sandbox-stability-sm status=ready_for_review attempts=0/3
[2026-04-06T11:30:01-07:00] checking task=req-20260406-055833-title-test-now-0558 status=ready_for_review attempts=0/3
[2026-04-06T11:30:01-07:00] reconcile completed
[2026-04-06T11:40:01-07:00] checking task=feat-ai-fake-api-hardening status=ready_for_review attempts=0/3
[2026-04-06T11:40:01-07:00] checking task=req-20260406-051745-smoke-from-feishu-no status=ready_for_review attempts=2/3
[2026-04-06T11:40:01-07:00] checking task=req-20260406-052850-smoke-from-feishu-no status=ready_for_review attempts=1/3
[2026-04-06T11:40:01-07:00] checking task=req-20260406-053304-sandbox-stability-sm status=ready_for_review attempts=0/3
[2026-04-06T11:40:01-07:00] checking task=req-20260406-055833-title-test-now-0558 status=ready_for_review attempts=0/3
[2026-04-06T11:40:01-07:00] reconcile completed
[2026-04-06T11:50:01-07:00] checking task=feat-ai-fake-api-hardening status=ready_for_review attempts=0/3
[2026-04-06T11:50:01-07:00] checking task=req-20260406-051745-smoke-from-feishu-no status=ready_for_review attempts=2/3
[2026-04-06T11:50:01-07:00] checking task=req-20260406-052850-smoke-from-feishu-no status=ready_for_review attempts=1/3
[2026-04-06T11:50:01-07:00] checking task=req-20260406-053304-sandbox-stability-sm status=ready_for_review attempts=0/3
[2026-04-06T11:50:01-07:00] checking task=req-20260406-055833-title-test-now-0558 status=ready_for_review attempts=0/3
[2026-04-06T11:50:01-07:00] reconcile completed
[2026-04-06T12:00:01-07:00] checking task=feat-ai-fake-api-hardening status=ready_for_review attempts=0/3
[2026-04-06T12:00:01-07:00] checking task=req-20260406-051745-smoke-from-feishu-no status=ready_for_review attempts=2/3
[2026-04-06T12:00:01-07:00] checking task=req-20260406-052850-smoke-from-feishu-no status=ready_for_review attempts=1/3
[2026-04-06T12:00:01-07:00] checking task=req-20260406-053304-sandbox-stability-sm status=ready_for_review attempts=0/3
[2026-04-06T12:00:01-07:00] checking task=req-20260406-055833-title-test-now-0558 status=ready_for_review attempts=0/3
[2026-04-06T12:00:01-07:00] reconcile completed
[2026-04-06T12:10:01-07:00] checking task=feat-ai-fake-api-hardening status=ready_for_review attempts=0/3
[2026-04-06T12:10:01-07:00] checking task=req-20260406-051745-smoke-from-feishu-no status=ready_for_review attempts=2/3
[2026-04-06T12:10:01-07:00] checking task=req-20260406-052850-smoke-from-feishu-no status=ready_for_review attempts=1/3
[2026-04-06T12:10:01-07:00] checking task=req-20260406-053304-sandbox-stability-sm status=ready_for_review attempts=0/3
[2026-04-06T12:10:01-07:00] checking task=req-20260406-055833-title-test-now-0558 status=ready_for_review attempts=0/3
[2026-04-06T12:10:01-07:00] reconcile completed
[2026-04-06T12:20:01-07:00] checking task=feat-ai-fake-api-hardening status=ready_for_review attempts=0/3
[2026-04-06T12:20:01-07:00] checking task=req-20260406-051745-smoke-from-feishu-no status=ready_for_review attempts=2/3
[2026-04-06T12:20:02-07:00] checking task=req-20260406-052850-smoke-from-feishu-no status=ready_for_review attempts=1/3
[2026-04-06T12:20:02-07:00] checking task=req-20260406-053304-sandbox-stability-sm status=ready_for_review attempts=0/3
[2026-04-06T12:20:02-07:00] checking task=req-20260406-055833-title-test-now-0558 status=ready_for_review attempts=0/3
[2026-04-06T12:20:02-07:00] reconcile completed
[2026-04-06T12:30:01-07:00] checking task=feat-ai-fake-api-hardening status=ready_for_review attempts=0/3
[2026-04-06T12:30:01-07:00] checking task=req-20260406-051745-smoke-from-feishu-no status=ready_for_review attempts=2/3
[2026-04-06T12:30:02-07:00] checking task=req-20260406-052850-smoke-from-feishu-no status=ready_for_review attempts=1/3
[2026-04-06T12:30:02-07:00] checking task=req-20260406-053304-sandbox-stability-sm status=ready_for_review attempts=0/3
[2026-04-06T12:30:02-07:00] checking task=req-20260406-055833-title-test-now-0558 status=ready_for_review attempts=0/3
[2026-04-06T12:30:02-07:00] reconcile completed
[2026-04-06T12:40:01-07:00] checking task=feat-ai-fake-api-hardening status=ready_for_review attempts=0/3
[2026-04-06T12:40:01-07:00] checking task=req-20260406-051745-smoke-from-feishu-no status=ready_for_review attempts=2/3
[2026-04-06T12:40:01-07:00] checking task=req-20260406-052850-smoke-from-feishu-no status=ready_for_review attempts=1/3
[2026-04-06T12:40:02-07:00] checking task=req-20260406-053304-sandbox-stability-sm status=ready_for_review attempts=0/3
[2026-04-06T12:40:02-07:00] checking task=req-20260406-055833-title-test-now-0558 status=ready_for_review attempts=0/3
[2026-04-06T12:40:02-07:00] reconcile completed
[2026-04-06T12:50:01-07:00] checking task=feat-ai-fake-api-hardening status=ready_for_review attempts=0/3
[2026-04-06T12:50:01-07:00] checking task=req-20260406-051745-smoke-from-feishu-no status=ready_for_review attempts=2/3
[2026-04-06T12:50:01-07:00] checking task=req-20260406-052850-smoke-from-feishu-no status=ready_for_review attempts=1/3
[2026-04-06T12:50:01-07:00] checking task=req-20260406-053304-sandbox-stability-sm status=ready_for_review attempts=0/3
[2026-04-06T12:50:01-07:00] checking task=req-20260406-055833-title-test-now-0558 status=ready_for_review attempts=0/3
[2026-04-06T12:50:01-07:00] reconcile completed
[2026-04-06T13:00:01-07:00] checking task=feat-ai-fake-api-hardening status=ready_for_review attempts=0/3
[2026-04-06T13:00:01-07:00] checking task=req-20260406-051745-smoke-from-feishu-no status=ready_for_review attempts=2/3
[2026-04-06T13:00:01-07:00] checking task=req-20260406-052850-smoke-from-feishu-no status=ready_for_review attempts=1/3
[2026-04-06T13:00:01-07:00] checking task=req-20260406-053304-sandbox-stability-sm status=ready_for_review attempts=0/3
[2026-04-06T13:00:01-07:00] checking task=req-20260406-055833-title-test-now-0558 status=ready_for_review attempts=0/3
[2026-04-06T13:00:02-07:00] reconcile completed
[2026-04-06T13:10:01-07:00] checking task=feat-ai-fake-api-hardening status=ready_for_review attempts=0/3
[2026-04-06T13:10:01-07:00] checking task=req-20260406-051745-smoke-from-feishu-no status=ready_for_review attempts=2/3
[2026-04-06T13:10:01-07:00] checking task=req-20260406-052850-smoke-from-feishu-no status=ready_for_review attempts=1/3
[2026-04-06T13:10:01-07:00] checking task=req-20260406-053304-sandbox-stability-sm status=ready_for_review attempts=0/3
[2026-04-06T13:10:01-07:00] checking task=req-20260406-055833-title-test-now-0558 status=ready_for_review attempts=0/3
[2026-04-06T13:10:01-07:00] reconcile completed
[2026-04-06T13:20:01-07:00] checking task=feat-ai-fake-api-hardening status=ready_for_review attempts=0/3
[2026-04-06T13:20:01-07:00] checking task=req-20260406-051745-smoke-from-feishu-no status=ready_for_review attempts=2/3
[2026-04-06T13:20:01-07:00] checking task=req-20260406-052850-smoke-from-feishu-no status=ready_for_review attempts=1/3
[2026-04-06T13:20:01-07:00] checking task=req-20260406-053304-sandbox-stability-sm status=ready_for_review attempts=0/3
[2026-04-06T13:20:02-07:00] checking task=req-20260406-055833-title-test-now-0558 status=ready_for_review attempts=0/3
[2026-04-06T13:20:02-07:00] reconcile completed
[2026-04-06T13:30:01-07:00] checking task=feat-ai-fake-api-hardening status=ready_for_review attempts=0/3
[2026-04-06T13:30:01-07:00] checking task=req-20260406-051745-smoke-from-feishu-no status=ready_for_review attempts=2/3
[2026-04-06T13:30:01-07:00] checking task=req-20260406-052850-smoke-from-feishu-no status=ready_for_review attempts=1/3
[2026-04-06T13:30:01-07:00] checking task=req-20260406-053304-sandbox-stability-sm status=ready_for_review attempts=0/3
[2026-04-06T13:30:01-07:00] checking task=req-20260406-055833-title-test-now-0558 status=ready_for_review attempts=0/3
[2026-04-06T13:30:01-07:00] reconcile completed
[2026-04-06T13:40:01-07:00] checking task=feat-ai-fake-api-hardening status=ready_for_review attempts=0/3
[2026-04-06T13:40:01-07:00] checking task=req-20260406-051745-smoke-from-feishu-no status=ready_for_review attempts=2/3
[2026-04-06T13:40:01-07:00] checking task=req-20260406-052850-smoke-from-feishu-no status=ready_for_review attempts=1/3
[2026-04-06T13:40:01-07:00] checking task=req-20260406-053304-sandbox-stability-sm status=ready_for_review attempts=0/3
[2026-04-06T13:40:01-07:00] checking task=req-20260406-055833-title-test-now-0558 status=ready_for_review attempts=0/3
[2026-04-06T13:40:01-07:00] reconcile completed
[2026-04-06T13:50:01-07:00] checking task=feat-ai-fake-api-hardening status=ready_for_review attempts=0/3
[2026-04-06T13:50:01-07:00] checking task=req-20260406-051745-smoke-from-feishu-no status=ready_for_review attempts=2/3
[2026-04-06T13:50:01-07:00] checking task=req-20260406-052850-smoke-from-feishu-no status=ready_for_review attempts=1/3
[2026-04-06T13:50:01-07:00] checking task=req-20260406-053304-sandbox-stability-sm status=ready_for_review attempts=0/3
[2026-04-06T13:50:01-07:00] checking task=req-20260406-055833-title-test-now-0558 status=ready_for_review attempts=0/3
[2026-04-06T13:50:01-07:00] reconcile completed
[2026-04-06T14:00:01-07:00] checking task=feat-ai-fake-api-hardening status=ready_for_review attempts=0/3
[2026-04-06T14:00:01-07:00] checking task=req-20260406-051745-smoke-from-feishu-no status=ready_for_review attempts=2/3
[2026-04-06T14:00:01-07:00] checking task=req-20260406-052850-smoke-from-feishu-no status=ready_for_review attempts=1/3
[2026-04-06T14:00:01-07:00] checking task=req-20260406-053304-sandbox-stability-sm status=ready_for_review attempts=0/3
[2026-04-06T14:00:01-07:00] checking task=req-20260406-055833-title-test-now-0558 status=ready_for_review attempts=0/3
[2026-04-06T14:00:01-07:00] reconcile completed
[2026-04-06T14:10:01-07:00] checking task=feat-ai-fake-api-hardening status=ready_for_review attempts=0/3
[2026-04-06T14:10:01-07:00] checking task=req-20260406-051745-smoke-from-feishu-no status=ready_for_review attempts=2/3
[2026-04-06T14:10:01-07:00] checking task=req-20260406-052850-smoke-from-feishu-no status=ready_for_review attempts=1/3
[2026-04-06T14:10:01-07:00] checking task=req-20260406-053304-sandbox-stability-sm status=ready_for_review attempts=0/3
[2026-04-06T14:10:01-07:00] checking task=req-20260406-055833-title-test-now-0558 status=ready_for_review attempts=0/3
[2026-04-06T14:10:01-07:00] reconcile completed
[2026-04-06T14:20:01-07:00] checking task=feat-ai-fake-api-hardening status=ready_for_review attempts=0/3
[2026-04-06T14:20:01-07:00] checking task=req-20260406-051745-smoke-from-feishu-no status=ready_for_review attempts=2/3
[2026-04-06T14:20:01-07:00] checking task=req-20260406-052850-smoke-from-feishu-no status=ready_for_review attempts=1/3
[2026-04-06T14:20:01-07:00] checking task=req-20260406-053304-sandbox-stability-sm status=ready_for_review attempts=0/3
[2026-04-06T14:20:01-07:00] checking task=req-20260406-055833-title-test-now-0558 status=ready_for_review attempts=0/3
[2026-04-06T14:20:01-07:00] reconcile completed
[2026-04-06T14:30:01-07:00] checking task=feat-ai-fake-api-hardening status=ready_for_review attempts=0/3
[2026-04-06T14:30:01-07:00] checking task=req-20260406-051745-smoke-from-feishu-no status=ready_for_review attempts=2/3
[2026-04-06T14:30:01-07:00] checking task=req-20260406-052850-smoke-from-feishu-no status=ready_for_review attempts=1/3
[2026-04-06T14:30:01-07:00] checking task=req-20260406-053304-sandbox-stability-sm status=ready_for_review attempts=0/3
[2026-04-06T14:30:01-07:00] checking task=req-20260406-055833-title-test-now-0558 status=ready_for_review attempts=0/3
[2026-04-06T14:30:01-07:00] reconcile completed
[2026-04-06T14:40:01-07:00] checking task=feat-ai-fake-api-hardening status=ready_for_review attempts=0/3
[2026-04-06T14:40:01-07:00] checking task=req-20260406-051745-smoke-from-feishu-no status=ready_for_review attempts=2/3
[2026-04-06T14:40:01-07:00] checking task=req-20260406-052850-smoke-from-feishu-no status=ready_for_review attempts=1/3
[2026-04-06T14:40:01-07:00] checking task=req-20260406-053304-sandbox-stability-sm status=ready_for_review attempts=0/3
[2026-04-06T14:40:01-07:00] checking task=req-20260406-055833-title-test-now-0558 status=ready_for_review attempts=0/3
[2026-04-06T14:40:01-07:00] reconcile completed
[2026-04-06T14:50:01-07:00] checking task=feat-ai-fake-api-hardening status=ready_for_review attempts=0/3
[2026-04-06T14:50:01-07:00] checking task=req-20260406-051745-smoke-from-feishu-no status=ready_for_review attempts=2/3
[2026-04-06T14:50:01-07:00] checking task=req-20260406-052850-smoke-from-feishu-no status=ready_for_review attempts=1/3
[2026-04-06T14:50:01-07:00] checking task=req-20260406-053304-sandbox-stability-sm status=ready_for_review attempts=0/3
[2026-04-06T14:50:01-07:00] checking task=req-20260406-055833-title-test-now-0558 status=ready_for_review attempts=0/3
[2026-04-06T14:50:01-07:00] reconcile completed
[2026-04-06T15:00:01-07:00] checking task=feat-ai-fake-api-hardening status=ready_for_review attempts=0/3
[2026-04-06T15:00:01-07:00] checking task=req-20260406-051745-smoke-from-feishu-no status=ready_for_review attempts=2/3
[2026-04-06T15:00:01-07:00] checking task=req-20260406-052850-smoke-from-feishu-no status=ready_for_review attempts=1/3
[2026-04-06T15:00:01-07:00] checking task=req-20260406-053304-sandbox-stability-sm status=ready_for_review attempts=0/3
[2026-04-06T15:00:01-07:00] checking task=req-20260406-055833-title-test-now-0558 status=ready_for_review attempts=0/3
[2026-04-06T15:00:01-07:00] reconcile completed
[2026-04-06T15:10:01-07:00] checking task=feat-ai-fake-api-hardening status=ready_for_review attempts=0/3
[2026-04-06T15:10:01-07:00] checking task=req-20260406-051745-smoke-from-feishu-no status=ready_for_review attempts=2/3
[2026-04-06T15:10:01-07:00] checking task=req-20260406-052850-smoke-from-feishu-no status=ready_for_review attempts=1/3
[2026-04-06T15:10:01-07:00] checking task=req-20260406-053304-sandbox-stability-sm status=ready_for_review attempts=0/3
[2026-04-06T15:10:01-07:00] checking task=req-20260406-055833-title-test-now-0558 status=ready_for_review attempts=0/3
[2026-04-06T15:10:01-07:00] reconcile completed
[2026-04-06T15:20:01-07:00] checking task=feat-ai-fake-api-hardening status=ready_for_review attempts=0/3
[2026-04-06T15:20:01-07:00] checking task=req-20260406-051745-smoke-from-feishu-no status=ready_for_review attempts=2/3
[2026-04-06T15:20:01-07:00] checking task=req-20260406-052850-smoke-from-feishu-no status=ready_for_review attempts=1/3
[2026-04-06T15:20:01-07:00] checking task=req-20260406-053304-sandbox-stability-sm status=ready_for_review attempts=0/3
[2026-04-06T15:20:01-07:00] checking task=req-20260406-055833-title-test-now-0558 status=ready_for_review attempts=0/3
[2026-04-06T15:20:01-07:00] reconcile completed
[2026-04-06T15:30:01-07:00] checking task=feat-ai-fake-api-hardening status=ready_for_review attempts=0/3
[2026-04-06T15:30:01-07:00] checking task=req-20260406-051745-smoke-from-feishu-no status=ready_for_review attempts=2/3
[2026-04-06T15:30:01-07:00] checking task=req-20260406-052850-smoke-from-feishu-no status=ready_for_review attempts=1/3
[2026-04-06T15:30:01-07:00] checking task=req-20260406-053304-sandbox-stability-sm status=ready_for_review attempts=0/3
[2026-04-06T15:30:01-07:00] checking task=req-20260406-055833-title-test-now-0558 status=ready_for_review attempts=0/3
[2026-04-06T15:30:01-07:00] reconcile completed
[2026-04-06T15:40:01-07:00] checking task=feat-ai-fake-api-hardening status=ready_for_review attempts=0/3
[2026-04-06T15:40:01-07:00] checking task=req-20260406-051745-smoke-from-feishu-no status=ready_for_review attempts=2/3
[2026-04-06T15:40:01-07:00] checking task=req-20260406-052850-smoke-from-feishu-no status=ready_for_review attempts=1/3
[2026-04-06T15:40:01-07:00] checking task=req-20260406-053304-sandbox-stability-sm status=ready_for_review attempts=0/3
[2026-04-06T15:40:01-07:00] checking task=req-20260406-055833-title-test-now-0558 status=ready_for_review attempts=0/3
[2026-04-06T15:40:01-07:00] reconcile completed
[2026-04-06T15:50:02-07:00] checking task=feat-ai-fake-api-hardening status=ready_for_review attempts=0/3
[2026-04-06T15:50:02-07:00] checking task=req-20260406-051745-smoke-from-feishu-no status=ready_for_review attempts=2/3
[2026-04-06T15:50:02-07:00] checking task=req-20260406-052850-smoke-from-feishu-no status=ready_for_review attempts=1/3
[2026-04-06T15:50:02-07:00] checking task=req-20260406-053304-sandbox-stability-sm status=ready_for_review attempts=0/3
[2026-04-06T15:50:02-07:00] checking task=req-20260406-055833-title-test-now-0558 status=ready_for_review attempts=0/3
[2026-04-06T15:50:02-07:00] reconcile completed
[2026-04-06T16:00:01-07:00] checking task=feat-ai-fake-api-hardening status=ready_for_review attempts=0/3
[2026-04-06T16:00:01-07:00] checking task=req-20260406-051745-smoke-from-feishu-no status=ready_for_review attempts=2/3
[2026-04-06T16:00:01-07:00] checking task=req-20260406-052850-smoke-from-feishu-no status=ready_for_review attempts=1/3
[2026-04-06T16:00:02-07:00] checking task=req-20260406-053304-sandbox-stability-sm status=ready_for_review attempts=0/3
[2026-04-06T16:00:02-07:00] checking task=req-20260406-055833-title-test-now-0558 status=ready_for_review attempts=0/3
[2026-04-06T16:00:02-07:00] reconcile completed
[2026-04-06T16:10:01-07:00] checking task=feat-ai-fake-api-hardening status=ready_for_review attempts=0/3
[2026-04-06T16:10:01-07:00] checking task=req-20260406-051745-smoke-from-feishu-no status=ready_for_review attempts=2/3
[2026-04-06T16:10:01-07:00] checking task=req-20260406-052850-smoke-from-feishu-no status=ready_for_review attempts=1/3
[2026-04-06T16:10:01-07:00] checking task=req-20260406-053304-sandbox-stability-sm status=ready_for_review attempts=0/3
[2026-04-06T16:10:01-07:00] checking task=req-20260406-055833-title-test-now-0558 status=ready_for_review attempts=0/3
[2026-04-06T16:10:01-07:00] reconcile completed
[2026-04-06T16:20:01-07:00] checking task=feat-ai-fake-api-hardening status=ready_for_review attempts=0/3
[2026-04-06T16:20:01-07:00] checking task=req-20260406-051745-smoke-from-feishu-no status=ready_for_review attempts=2/3
[2026-04-06T16:20:01-07:00] checking task=req-20260406-052850-smoke-from-feishu-no status=ready_for_review attempts=1/3
[2026-04-06T16:20:01-07:00] checking task=req-20260406-053304-sandbox-stability-sm status=ready_for_review attempts=0/3
[2026-04-06T16:20:01-07:00] checking task=req-20260406-055833-title-test-now-0558 status=ready_for_review attempts=0/3
[2026-04-06T16:20:01-07:00] reconcile completed
[2026-04-06T16:30:02-07:00] checking task=feat-ai-fake-api-hardening status=ready_for_review attempts=0/3
[2026-04-06T16:30:02-07:00] checking task=req-20260406-051745-smoke-from-feishu-no status=ready_for_review attempts=2/3
[2026-04-06T16:30:02-07:00] checking task=req-20260406-052850-smoke-from-feishu-no status=ready_for_review attempts=1/3
[2026-04-06T16:30:02-07:00] checking task=req-20260406-053304-sandbox-stability-sm status=ready_for_review attempts=0/3
[2026-04-06T16:30:02-07:00] checking task=req-20260406-055833-title-test-now-0558 status=ready_for_review attempts=0/3
[2026-04-06T16:30:02-07:00] reconcile completed
[2026-04-06T16:40:01-07:00] checking task=feat-ai-fake-api-hardening status=ready_for_review attempts=0/3
[2026-04-06T16:40:01-07:00] checking task=req-20260406-051745-smoke-from-feishu-no status=ready_for_review attempts=2/3
[2026-04-06T16:40:01-07:00] checking task=req-20260406-052850-smoke-from-feishu-no status=ready_for_review attempts=1/3
[2026-04-06T16:40:01-07:00] checking task=req-20260406-053304-sandbox-stability-sm status=ready_for_review attempts=0/3
[2026-04-06T16:40:01-07:00] checking task=req-20260406-055833-title-test-now-0558 status=ready_for_review attempts=0/3
[2026-04-06T16:40:01-07:00] reconcile completed
[2026-04-06T16:50:01-07:00] checking task=feat-ai-fake-api-hardening status=ready_for_review attempts=0/3
[2026-04-06T16:50:01-07:00] checking task=req-20260406-051745-smoke-from-feishu-no status=ready_for_review attempts=2/3
[2026-04-06T16:50:01-07:00] checking task=req-20260406-052850-smoke-from-feishu-no status=ready_for_review attempts=1/3
[2026-04-06T16:50:01-07:00] checking task=req-20260406-053304-sandbox-stability-sm status=ready_for_review attempts=0/3
[2026-04-06T16:50:02-07:00] checking task=req-20260406-055833-title-test-now-0558 status=ready_for_review attempts=0/3
[2026-04-06T16:50:02-07:00] reconcile completed
[2026-04-06T17:00:01-07:00] checking task=feat-ai-fake-api-hardening status=ready_for_review attempts=0/3
[2026-04-06T17:00:01-07:00] checking task=req-20260406-051745-smoke-from-feishu-no status=ready_for_review attempts=2/3
[2026-04-06T17:00:01-07:00] checking task=req-20260406-052850-smoke-from-feishu-no status=ready_for_review attempts=1/3
[2026-04-06T17:00:01-07:00] checking task=req-20260406-053304-sandbox-stability-sm status=ready_for_review attempts=0/3
[2026-04-06T17:00:01-07:00] checking task=req-20260406-055833-title-test-now-0558 status=ready_for_review attempts=0/3
[2026-04-06T17:00:01-07:00] reconcile completed
[2026-04-06T17:10:01-07:00] checking task=feat-ai-fake-api-hardening status=ready_for_review attempts=0/3
[2026-04-06T17:10:01-07:00] checking task=req-20260406-051745-smoke-from-feishu-no status=ready_for_review attempts=2/3
[2026-04-06T17:10:01-07:00] checking task=req-20260406-052850-smoke-from-feishu-no status=ready_for_review attempts=1/3
[2026-04-06T17:10:01-07:00] checking task=req-20260406-053304-sandbox-stability-sm status=ready_for_review attempts=0/3
[2026-04-06T17:10:01-07:00] checking task=req-20260406-055833-title-test-now-0558 status=ready_for_review attempts=0/3
[2026-04-06T17:10:01-07:00] reconcile completed
[2026-04-06T17:20:01-07:00] checking task=feat-ai-fake-api-hardening status=ready_for_review attempts=0/3
[2026-04-06T17:20:01-07:00] checking task=req-20260406-051745-smoke-from-feishu-no status=ready_for_review attempts=2/3
[2026-04-06T17:20:01-07:00] checking task=req-20260406-052850-smoke-from-feishu-no status=ready_for_review attempts=1/3
[2026-04-06T17:20:01-07:00] checking task=req-20260406-053304-sandbox-stability-sm status=ready_for_review attempts=0/3
[2026-04-06T17:20:01-07:00] checking task=req-20260406-055833-title-test-now-0558 status=ready_for_review attempts=0/3
[2026-04-06T17:20:01-07:00] reconcile completed
[2026-04-06T17:30:01-07:00] checking task=feat-ai-fake-api-hardening status=ready_for_review attempts=0/3
[2026-04-06T17:30:01-07:00] checking task=req-20260406-051745-smoke-from-feishu-no status=ready_for_review attempts=2/3
[2026-04-06T17:30:01-07:00] checking task=req-20260406-052850-smoke-from-feishu-no status=ready_for_review attempts=1/3
[2026-04-06T17:30:01-07:00] checking task=req-20260406-053304-sandbox-stability-sm status=ready_for_review attempts=0/3
[2026-04-06T17:30:01-07:00] checking task=req-20260406-055833-title-test-now-0558 status=ready_for_review attempts=0/3
[2026-04-06T17:30:01-07:00] reconcile completed
[2026-04-06T17:40:01-07:00] checking task=feat-ai-fake-api-hardening status=ready_for_review attempts=0/3
[2026-04-06T17:40:01-07:00] checking task=req-20260406-051745-smoke-from-feishu-no status=ready_for_review attempts=2/3
[2026-04-06T17:40:01-07:00] checking task=req-20260406-052850-smoke-from-feishu-no status=ready_for_review attempts=1/3
[2026-04-06T17:40:01-07:00] checking task=req-20260406-053304-sandbox-stability-sm status=ready_for_review attempts=0/3
[2026-04-06T17:40:01-07:00] checking task=req-20260406-055833-title-test-now-0558 status=ready_for_review attempts=0/3
[2026-04-06T17:40:01-07:00] reconcile completed
[2026-04-06T17:50:01-07:00] checking task=feat-ai-fake-api-hardening status=ready_for_review attempts=0/3
[2026-04-06T17:50:01-07:00] checking task=req-20260406-051745-smoke-from-feishu-no status=ready_for_review attempts=2/3
[2026-04-06T17:50:01-07:00] checking task=req-20260406-052850-smoke-from-feishu-no status=ready_for_review attempts=1/3
[2026-04-06T17:50:01-07:00] checking task=req-20260406-053304-sandbox-stability-sm status=ready_for_review attempts=0/3
[2026-04-06T17:50:01-07:00] checking task=req-20260406-055833-title-test-now-0558 status=ready_for_review attempts=0/3
[2026-04-06T17:50:01-07:00] reconcile completed
[2026-04-06T18:00:02-07:00] checking task=feat-ai-fake-api-hardening status=ready_for_review attempts=0/3
[2026-04-06T18:00:02-07:00] checking task=req-20260406-051745-smoke-from-feishu-no status=ready_for_review attempts=2/3
[2026-04-06T18:00:02-07:00] checking task=req-20260406-052850-smoke-from-feishu-no status=ready_for_review attempts=1/3
[2026-04-06T18:00:02-07:00] checking task=req-20260406-053304-sandbox-stability-sm status=ready_for_review attempts=0/3
[2026-04-06T18:00:02-07:00] checking task=req-20260406-055833-title-test-now-0558 status=ready_for_review attempts=0/3
[2026-04-06T18:00:02-07:00] reconcile completed
[2026-04-06T18:10:01-07:00] checking task=feat-ai-fake-api-hardening status=ready_for_review attempts=0/3
[2026-04-06T18:10:02-07:00] checking task=req-20260406-051745-smoke-from-feishu-no status=ready_for_review attempts=2/3
[2026-04-06T18:10:02-07:00] checking task=req-20260406-052850-smoke-from-feishu-no status=ready_for_review attempts=1/3
[2026-04-06T18:10:02-07:00] checking task=req-20260406-053304-sandbox-stability-sm status=ready_for_review attempts=0/3
[2026-04-06T18:10:02-07:00] checking task=req-20260406-055833-title-test-now-0558 status=ready_for_review attempts=0/3
[2026-04-06T18:10:02-07:00] reconcile completed
[2026-04-06T18:20:01-07:00] checking task=feat-ai-fake-api-hardening status=ready_for_review attempts=0/3
[2026-04-06T18:20:01-07:00] checking task=req-20260406-051745-smoke-from-feishu-no status=ready_for_review attempts=2/3
[2026-04-06T18:20:01-07:00] checking task=req-20260406-052850-smoke-from-feishu-no status=ready_for_review attempts=1/3
[2026-04-06T18:20:01-07:00] checking task=req-20260406-053304-sandbox-stability-sm status=ready_for_review attempts=0/3
[2026-04-06T18:20:01-07:00] checking task=req-20260406-055833-title-test-now-0558 status=ready_for_review attempts=0/3
[2026-04-06T18:20:01-07:00] reconcile completed
[2026-04-06T18:30:01-07:00] checking task=feat-ai-fake-api-hardening status=ready_for_review attempts=0/3
[2026-04-06T18:30:02-07:00] checking task=req-20260406-051745-smoke-from-feishu-no status=ready_for_review attempts=2/3
[2026-04-06T18:30:02-07:00] checking task=req-20260406-052850-smoke-from-feishu-no status=ready_for_review attempts=1/3
[2026-04-06T18:30:02-07:00] checking task=req-20260406-053304-sandbox-stability-sm status=ready_for_review attempts=0/3
[2026-04-06T18:30:02-07:00] checking task=req-20260406-055833-title-test-now-0558 status=ready_for_review attempts=0/3
[2026-04-06T18:30:02-07:00] reconcile completed
[2026-04-06T18:40:01-07:00] checking task=feat-ai-fake-api-hardening status=ready_for_review attempts=0/3
[2026-04-06T18:40:01-07:00] checking task=req-20260406-051745-smoke-from-feishu-no status=ready_for_review attempts=2/3
[2026-04-06T18:40:01-07:00] checking task=req-20260406-052850-smoke-from-feishu-no status=ready_for_review attempts=1/3
[2026-04-06T18:40:01-07:00] checking task=req-20260406-053304-sandbox-stability-sm status=ready_for_review attempts=0/3
[2026-04-06T18:40:01-07:00] checking task=req-20260406-055833-title-test-now-0558 status=ready_for_review attempts=0/3
[2026-04-06T18:40:01-07:00] reconcile completed
[2026-04-06T18:50:01-07:00] checking task=feat-ai-fake-api-hardening status=ready_for_review attempts=0/3
[2026-04-06T18:50:01-07:00] checking task=req-20260406-051745-smoke-from-feishu-no status=ready_for_review attempts=2/3
[2026-04-06T18:50:02-07:00] checking task=req-20260406-052850-smoke-from-feishu-no status=ready_for_review attempts=1/3
[2026-04-06T18:50:02-07:00] checking task=req-20260406-053304-sandbox-stability-sm status=ready_for_review attempts=0/3
[2026-04-06T18:50:02-07:00] checking task=req-20260406-055833-title-test-now-0558 status=ready_for_review attempts=0/3
[2026-04-06T18:50:02-07:00] reconcile completed
[2026-04-06T19:00:01-07:00] checking task=feat-ai-fake-api-hardening status=ready_for_review attempts=0/3
[2026-04-06T19:00:01-07:00] checking task=req-20260406-051745-smoke-from-feishu-no status=ready_for_review attempts=2/3
[2026-04-06T19:00:01-07:00] checking task=req-20260406-052850-smoke-from-feishu-no status=ready_for_review attempts=1/3
[2026-04-06T19:00:01-07:00] checking task=req-20260406-053304-sandbox-stability-sm status=ready_for_review attempts=0/3
[2026-04-06T19:00:01-07:00] checking task=req-20260406-055833-title-test-now-0558 status=ready_for_review attempts=0/3
[2026-04-06T19:00:01-07:00] reconcile completed
[2026-04-06T19:10:01-07:00] checking task=feat-ai-fake-api-hardening status=ready_for_review attempts=0/3
[2026-04-06T19:10:01-07:00] checking task=req-20260406-051745-smoke-from-feishu-no status=ready_for_review attempts=2/3
[2026-04-06T19:10:01-07:00] checking task=req-20260406-052850-smoke-from-feishu-no status=ready_for_review attempts=1/3
[2026-04-06T19:10:01-07:00] checking task=req-20260406-053304-sandbox-stability-sm status=ready_for_review attempts=0/3
[2026-04-06T19:10:01-07:00] checking task=req-20260406-055833-title-test-now-0558 status=ready_for_review attempts=0/3
[2026-04-06T19:10:01-07:00] reconcile completed
[2026-04-06T19:20:01-07:00] checking task=feat-ai-fake-api-hardening status=ready_for_review attempts=0/3
[2026-04-06T19:20:01-07:00] checking task=req-20260406-051745-smoke-from-feishu-no status=ready_for_review attempts=2/3
[2026-04-06T19:20:01-07:00] checking task=req-20260406-052850-smoke-from-feishu-no status=ready_for_review attempts=1/3
[2026-04-06T19:20:01-07:00] checking task=req-20260406-053304-sandbox-stability-sm status=ready_for_review attempts=0/3
[2026-04-06T19:20:01-07:00] checking task=req-20260406-055833-title-test-now-0558 status=ready_for_review attempts=0/3
[2026-04-06T19:20:01-07:00] reconcile completed
[2026-04-06T19:30:01-07:00] checking task=feat-ai-fake-api-hardening status=ready_for_review attempts=0/3
[2026-04-06T19:30:01-07:00] checking task=req-20260406-051745-smoke-from-feishu-no status=ready_for_review attempts=2/3
[2026-04-06T19:30:01-07:00] checking task=req-20260406-052850-smoke-from-feishu-no status=ready_for_review attempts=1/3
[2026-04-06T19:30:01-07:00] checking task=req-20260406-053304-sandbox-stability-sm status=ready_for_review attempts=0/3
[2026-04-06T19:30:02-07:00] checking task=req-20260406-055833-title-test-now-0558 status=ready_for_review attempts=0/3
[2026-04-06T19:30:02-07:00] reconcile completed
[2026-04-06T19:40:01-07:00] checking task=feat-ai-fake-api-hardening status=ready_for_review attempts=0/3
[2026-04-06T19:40:01-07:00] checking task=req-20260406-051745-smoke-from-feishu-no status=ready_for_review attempts=2/3
[2026-04-06T19:40:01-07:00] checking task=req-20260406-052850-smoke-from-feishu-no status=ready_for_review attempts=1/3
[2026-04-06T19:40:01-07:00] checking task=req-20260406-053304-sandbox-stability-sm status=ready_for_review attempts=0/3
[2026-04-06T19:40:01-07:00] checking task=req-20260406-055833-title-test-now-0558 status=ready_for_review attempts=0/3
[2026-04-06T19:40:01-07:00] reconcile completed
[2026-04-06T19:50:01-07:00] checking task=feat-ai-fake-api-hardening status=ready_for_review attempts=0/3
[2026-04-06T19:50:01-07:00] checking task=req-20260406-051745-smoke-from-feishu-no status=ready_for_review attempts=2/3
[2026-04-06T19:50:01-07:00] checking task=req-20260406-052850-smoke-from-feishu-no status=ready_for_review attempts=1/3
[2026-04-06T19:50:01-07:00] checking task=req-20260406-053304-sandbox-stability-sm status=ready_for_review attempts=0/3
[2026-04-06T19:50:01-07:00] checking task=req-20260406-055833-title-test-now-0558 status=ready_for_review attempts=0/3
[2026-04-06T19:50:01-07:00] reconcile completed
[2026-04-06T20:00:01-07:00] checking task=feat-ai-fake-api-hardening status=ready_for_review attempts=0/3
[2026-04-06T20:00:01-07:00] checking task=req-20260406-051745-smoke-from-feishu-no status=ready_for_review attempts=2/3
[2026-04-06T20:00:01-07:00] checking task=req-20260406-052850-smoke-from-feishu-no status=ready_for_review attempts=1/3
[2026-04-06T20:00:01-07:00] checking task=req-20260406-053304-sandbox-stability-sm status=ready_for_review attempts=0/3
[2026-04-06T20:00:01-07:00] checking task=req-20260406-055833-title-test-now-0558 status=ready_for_review attempts=0/3
[2026-04-06T20:00:01-07:00] reconcile completed
[2026-04-06T20:10:01-07:00] checking task=feat-ai-fake-api-hardening status=ready_for_review attempts=0/3
[2026-04-06T20:10:01-07:00] checking task=req-20260406-051745-smoke-from-feishu-no status=ready_for_review attempts=2/3
[2026-04-06T20:10:01-07:00] checking task=req-20260406-052850-smoke-from-feishu-no status=ready_for_review attempts=1/3
[2026-04-06T20:10:02-07:00] checking task=req-20260406-053304-sandbox-stability-sm status=ready_for_review attempts=0/3
[2026-04-06T20:10:02-07:00] checking task=req-20260406-055833-title-test-now-0558 status=ready_for_review attempts=0/3
[2026-04-06T20:10:02-07:00] reconcile completed
[2026-04-06T20:20:01-07:00] checking task=feat-ai-fake-api-hardening status=ready_for_review attempts=0/3
[2026-04-06T20:20:01-07:00] checking task=req-20260406-051745-smoke-from-feishu-no status=ready_for_review attempts=2/3
[2026-04-06T20:20:01-07:00] checking task=req-20260406-052850-smoke-from-feishu-no status=ready_for_review attempts=1/3
[2026-04-06T20:20:01-07:00] checking task=req-20260406-053304-sandbox-stability-sm status=ready_for_review attempts=0/3
[2026-04-06T20:20:01-07:00] checking task=req-20260406-055833-title-test-now-0558 status=ready_for_review attempts=0/3
[2026-04-06T20:20:01-07:00] reconcile completed
[2026-04-06T20:30:01-07:00] checking task=feat-ai-fake-api-hardening status=ready_for_review attempts=0/3
[2026-04-06T20:30:01-07:00] checking task=req-20260406-051745-smoke-from-feishu-no status=ready_for_review attempts=2/3
[2026-04-06T20:30:01-07:00] checking task=req-20260406-052850-smoke-from-feishu-no status=ready_for_review attempts=1/3
[2026-04-06T20:30:02-07:00] checking task=req-20260406-053304-sandbox-stability-sm status=ready_for_review attempts=0/3
[2026-04-06T20:30:02-07:00] checking task=req-20260406-055833-title-test-now-0558 status=ready_for_review attempts=0/3
[2026-04-06T20:30:02-07:00] reconcile completed
[2026-04-06T20:40:01-07:00] checking task=feat-ai-fake-api-hardening status=ready_for_review attempts=0/3
[2026-04-06T20:40:02-07:00] checking task=req-20260406-051745-smoke-from-feishu-no status=ready_for_review attempts=2/3
[2026-04-06T20:40:02-07:00] checking task=req-20260406-052850-smoke-from-feishu-no status=ready_for_review attempts=1/3
[2026-04-06T20:40:02-07:00] checking task=req-20260406-053304-sandbox-stability-sm status=ready_for_review attempts=0/3
[2026-04-06T20:40:02-07:00] checking task=req-20260406-055833-title-test-now-0558 status=ready_for_review attempts=0/3
[2026-04-06T20:40:02-07:00] reconcile completed
[2026-04-06T20:50:01-07:00] checking task=feat-ai-fake-api-hardening status=ready_for_review attempts=0/3
[2026-04-06T20:50:01-07:00] checking task=req-20260406-051745-smoke-from-feishu-no status=ready_for_review attempts=2/3
[2026-04-06T20:50:01-07:00] checking task=req-20260406-052850-smoke-from-feishu-no status=ready_for_review attempts=1/3
[2026-04-06T20:50:02-07:00] checking task=req-20260406-053304-sandbox-stability-sm status=ready_for_review attempts=0/3
[2026-04-06T20:50:02-07:00] checking task=req-20260406-055833-title-test-now-0558 status=ready_for_review attempts=0/3
[2026-04-06T20:50:02-07:00] reconcile completed
[2026-04-06T21:00:01-07:00] checking task=feat-ai-fake-api-hardening status=ready_for_review attempts=0/3
[2026-04-06T21:00:01-07:00] checking task=req-20260406-051745-smoke-from-feishu-no status=ready_for_review attempts=2/3
[2026-04-06T21:00:01-07:00] checking task=req-20260406-052850-smoke-from-feishu-no status=ready_for_review attempts=1/3
[2026-04-06T21:00:01-07:00] checking task=req-20260406-053304-sandbox-stability-sm status=ready_for_review attempts=0/3
[2026-04-06T21:00:01-07:00] checking task=req-20260406-055833-title-test-now-0558 status=ready_for_review attempts=0/3
[2026-04-06T21:00:01-07:00] reconcile completed
[2026-04-06T21:10:01-07:00] checking task=feat-ai-fake-api-hardening status=ready_for_review attempts=0/3
[2026-04-06T21:10:02-07:00] checking task=req-20260406-051745-smoke-from-feishu-no status=ready_for_review attempts=2/3
[2026-04-06T21:10:02-07:00] checking task=req-20260406-052850-smoke-from-feishu-no status=ready_for_review attempts=1/3
[2026-04-06T21:10:02-07:00] checking task=req-20260406-053304-sandbox-stability-sm status=ready_for_review attempts=0/3
[2026-04-06T21:10:02-07:00] checking task=req-20260406-055833-title-test-now-0558 status=ready_for_review attempts=0/3
[2026-04-06T21:10:02-07:00] reconcile completed
[2026-04-06T21:20:01-07:00] checking task=feat-ai-fake-api-hardening status=ready_for_review attempts=0/3
[2026-04-06T21:20:01-07:00] checking task=req-20260406-051745-smoke-from-feishu-no status=ready_for_review attempts=2/3
[2026-04-06T21:20:01-07:00] checking task=req-20260406-052850-smoke-from-feishu-no status=ready_for_review attempts=1/3
[2026-04-06T21:20:01-07:00] checking task=req-20260406-053304-sandbox-stability-sm status=ready_for_review attempts=0/3
[2026-04-06T21:20:01-07:00] checking task=req-20260406-055833-title-test-now-0558 status=ready_for_review attempts=0/3
[2026-04-06T21:20:01-07:00] reconcile completed
[2026-04-06T21:30:01-07:00] checking task=feat-ai-fake-api-hardening status=ready_for_review attempts=0/3
[2026-04-06T21:30:01-07:00] checking task=req-20260406-051745-smoke-from-feishu-no status=ready_for_review attempts=2/3
[2026-04-06T21:30:01-07:00] checking task=req-20260406-052850-smoke-from-feishu-no status=ready_for_review attempts=1/3
[2026-04-06T21:30:01-07:00] checking task=req-20260406-053304-sandbox-stability-sm status=ready_for_review attempts=0/3
[2026-04-06T21:30:01-07:00] checking task=req-20260406-055833-title-test-now-0558 status=ready_for_review attempts=0/3
[2026-04-06T21:30:01-07:00] reconcile completed
[2026-04-06T21:40:01-07:00] checking task=feat-ai-fake-api-hardening status=ready_for_review attempts=0/3
[2026-04-06T21:40:01-07:00] checking task=req-20260406-051745-smoke-from-feishu-no status=ready_for_review attempts=2/3
[2026-04-06T21:40:02-07:00] checking task=req-20260406-052850-smoke-from-feishu-no status=ready_for_review attempts=1/3
[2026-04-06T21:40:02-07:00] checking task=req-20260406-053304-sandbox-stability-sm status=ready_for_review attempts=0/3
[2026-04-06T21:40:02-07:00] checking task=req-20260406-055833-title-test-now-0558 status=ready_for_review attempts=0/3
[2026-04-06T21:40:02-07:00] reconcile completed
[2026-04-06T21:50:01-07:00] checking task=feat-ai-fake-api-hardening status=ready_for_review attempts=0/3
[2026-04-06T21:50:01-07:00] checking task=req-20260406-051745-smoke-from-feishu-no status=ready_for_review attempts=2/3
[2026-04-06T21:50:01-07:00] checking task=req-20260406-052850-smoke-from-feishu-no status=ready_for_review attempts=1/3
[2026-04-06T21:50:02-07:00] checking task=req-20260406-053304-sandbox-stability-sm status=ready_for_review attempts=0/3
[2026-04-06T21:50:02-07:00] checking task=req-20260406-055833-title-test-now-0558 status=ready_for_review attempts=0/3
[2026-04-06T21:50:02-07:00] reconcile completed
[2026-04-06T22:00:01-07:00] checking task=feat-ai-fake-api-hardening status=ready_for_review attempts=0/3
[2026-04-06T22:00:01-07:00] checking task=req-20260406-051745-smoke-from-feishu-no status=ready_for_review attempts=2/3
[2026-04-06T22:00:01-07:00] checking task=req-20260406-052850-smoke-from-feishu-no status=ready_for_review attempts=1/3
[2026-04-06T22:00:01-07:00] checking task=req-20260406-053304-sandbox-stability-sm status=ready_for_review attempts=0/3
[2026-04-06T22:00:01-07:00] checking task=req-20260406-055833-title-test-now-0558 status=ready_for_review attempts=0/3
[2026-04-06T22:00:01-07:00] reconcile completed
[2026-04-06T22:10:01-07:00] checking task=feat-ai-fake-api-hardening status=ready_for_review attempts=0/3
[2026-04-06T22:10:01-07:00] checking task=req-20260406-051745-smoke-from-feishu-no status=ready_for_review attempts=2/3
[2026-04-06T22:10:01-07:00] checking task=req-20260406-052850-smoke-from-feishu-no status=ready_for_review attempts=1/3
[2026-04-06T22:10:01-07:00] checking task=req-20260406-053304-sandbox-stability-sm status=ready_for_review attempts=0/3
[2026-04-06T22:10:01-07:00] checking task=req-20260406-055833-title-test-now-0558 status=ready_for_review attempts=0/3
[2026-04-06T22:10:01-07:00] reconcile completed
[2026-04-06T22:20:01-07:00] checking task=feat-ai-fake-api-hardening status=ready_for_review attempts=0/3
[2026-04-06T22:20:01-07:00] checking task=req-20260406-051745-smoke-from-feishu-no status=ready_for_review attempts=2/3
[2026-04-06T22:20:01-07:00] checking task=req-20260406-052850-smoke-from-feishu-no status=ready_for_review attempts=1/3
[2026-04-06T22:20:01-07:00] checking task=req-20260406-053304-sandbox-stability-sm status=ready_for_review attempts=0/3
[2026-04-06T22:20:01-07:00] checking task=req-20260406-055833-title-test-now-0558 status=ready_for_review attempts=0/3
[2026-04-06T22:20:01-07:00] reconcile completed
[2026-04-06T22:30:01-07:00] checking task=feat-ai-fake-api-hardening status=ready_for_review attempts=0/3
[2026-04-06T22:30:01-07:00] checking task=req-20260406-051745-smoke-from-feishu-no status=ready_for_review attempts=2/3
[2026-04-06T22:30:01-07:00] checking task=req-20260406-052850-smoke-from-feishu-no status=ready_for_review attempts=1/3
[2026-04-06T22:30:01-07:00] checking task=req-20260406-053304-sandbox-stability-sm status=ready_for_review attempts=0/3
[2026-04-06T22:30:01-07:00] checking task=req-20260406-055833-title-test-now-0558 status=ready_for_review attempts=0/3
[2026-04-06T22:30:01-07:00] reconcile completed
[2026-04-06T22:40:01-07:00] checking task=feat-ai-fake-api-hardening status=ready_for_review attempts=0/3
[2026-04-06T22:40:01-07:00] checking task=req-20260406-051745-smoke-from-feishu-no status=ready_for_review attempts=2/3
[2026-04-06T22:40:01-07:00] checking task=req-20260406-052850-smoke-from-feishu-no status=ready_for_review attempts=1/3
[2026-04-06T22:40:01-07:00] checking task=req-20260406-053304-sandbox-stability-sm status=ready_for_review attempts=0/3
[2026-04-06T22:40:01-07:00] checking task=req-20260406-055833-title-test-now-0558 status=ready_for_review attempts=0/3
[2026-04-06T22:40:01-07:00] reconcile completed
[2026-04-06T22:50:01-07:00] checking task=feat-ai-fake-api-hardening status=ready_for_review attempts=0/3
[2026-04-06T22:50:01-07:00] checking task=req-20260406-051745-smoke-from-feishu-no status=ready_for_review attempts=2/3
[2026-04-06T22:50:01-07:00] checking task=req-20260406-052850-smoke-from-feishu-no status=ready_for_review attempts=1/3
[2026-04-06T22:50:01-07:00] checking task=req-20260406-053304-sandbox-stability-sm status=ready_for_review attempts=0/3
[2026-04-06T22:50:01-07:00] checking task=req-20260406-055833-title-test-now-0558 status=ready_for_review attempts=0/3
[2026-04-06T22:50:01-07:00] reconcile completed
[2026-04-06T23:00:01-07:00] checking task=feat-ai-fake-api-hardening status=ready_for_review attempts=0/3
[2026-04-06T23:00:01-07:00] checking task=req-20260406-051745-smoke-from-feishu-no status=ready_for_review attempts=2/3
[2026-04-06T23:00:01-07:00] checking task=req-20260406-052850-smoke-from-feishu-no status=ready_for_review attempts=1/3
[2026-04-06T23:00:01-07:00] checking task=req-20260406-053304-sandbox-stability-sm status=ready_for_review attempts=0/3
[2026-04-06T23:00:01-07:00] checking task=req-20260406-055833-title-test-now-0558 status=ready_for_review attempts=0/3
[2026-04-06T23:00:01-07:00] reconcile completed
[2026-04-06T23:10:01-07:00] checking task=feat-ai-fake-api-hardening status=ready_for_review attempts=0/3
[2026-04-06T23:10:01-07:00] checking task=req-20260406-051745-smoke-from-feishu-no status=ready_for_review attempts=2/3
[2026-04-06T23:10:01-07:00] checking task=req-20260406-052850-smoke-from-feishu-no status=ready_for_review attempts=1/3
[2026-04-06T23:10:01-07:00] checking task=req-20260406-053304-sandbox-stability-sm status=ready_for_review attempts=0/3
[2026-04-06T23:10:01-07:00] checking task=req-20260406-055833-title-test-now-0558 status=ready_for_review attempts=0/3
[2026-04-06T23:10:02-07:00] reconcile completed
[2026-04-06T23:20:01-07:00] checking task=feat-ai-fake-api-hardening status=ready_for_review attempts=0/3
[2026-04-06T23:20:01-07:00] checking task=req-20260406-051745-smoke-from-feishu-no status=ready_for_review attempts=2/3
[2026-04-06T23:20:01-07:00] checking task=req-20260406-052850-smoke-from-feishu-no status=ready_for_review attempts=1/3
[2026-04-06T23:20:01-07:00] checking task=req-20260406-053304-sandbox-stability-sm status=ready_for_review attempts=0/3
[2026-04-06T23:20:02-07:00] checking task=req-20260406-055833-title-test-now-0558 status=ready_for_review attempts=0/3
[2026-04-06T23:20:02-07:00] reconcile completed
[2026-04-06T23:30:01-07:00] checking task=feat-ai-fake-api-hardening status=ready_for_review attempts=0/3
[2026-04-06T23:30:01-07:00] checking task=req-20260406-051745-smoke-from-feishu-no status=ready_for_review attempts=2/3
[2026-04-06T23:30:01-07:00] checking task=req-20260406-052850-smoke-from-feishu-no status=ready_for_review attempts=1/3
[2026-04-06T23:30:01-07:00] checking task=req-20260406-053304-sandbox-stability-sm status=ready_for_review attempts=0/3
[2026-04-06T23:30:02-07:00] checking task=req-20260406-055833-title-test-now-0558 status=ready_for_review attempts=0/3
[2026-04-06T23:30:02-07:00] reconcile completed
[2026-04-06T23:40:01-07:00] checking task=feat-ai-fake-api-hardening status=ready_for_review attempts=0/3
[2026-04-06T23:40:01-07:00] checking task=req-20260406-051745-smoke-from-feishu-no status=ready_for_review attempts=2/3
[2026-04-06T23:40:02-07:00] checking task=req-20260406-052850-smoke-from-feishu-no status=ready_for_review attempts=1/3
[2026-04-06T23:40:02-07:00] checking task=req-20260406-053304-sandbox-stability-sm status=ready_for_review attempts=0/3
[2026-04-06T23:40:02-07:00] checking task=req-20260406-055833-title-test-now-0558 status=ready_for_review attempts=0/3
[2026-04-06T23:40:02-07:00] reconcile completed
[2026-04-06T23:50:01-07:00] checking task=feat-ai-fake-api-hardening status=ready_for_review attempts=0/3
[2026-04-06T23:50:01-07:00] checking task=req-20260406-051745-smoke-from-feishu-no status=ready_for_review attempts=2/3
[2026-04-06T23:50:01-07:00] checking task=req-20260406-052850-smoke-from-feishu-no status=ready_for_review attempts=1/3
[2026-04-06T23:50:01-07:00] checking task=req-20260406-053304-sandbox-stability-sm status=ready_for_review attempts=0/3
[2026-04-06T23:50:01-07:00] checking task=req-20260406-055833-title-test-now-0558 status=ready_for_review attempts=0/3
[2026-04-06T23:50:01-07:00] reconcile completed
